#
# There is insufficient memory for the Java Runtime Environment to continue.
# Native memory allocation (malloc) failed to allocate 24 bytes for AllocateHeap
# Possible reasons:
#   The system is out of physical RAM or swap space
#   The process is running with CompressedOops enabled, and the Java Heap may be blocking the growth of the native heap
# Possible solutions:
#   Reduce memory load on the system
#   Increase physical memory or swap space
#   Check if swap backing store is full
#   Decrease Java heap size (-Xmx/-Xms)
#   Decrease number of Java threads
#   Decrease Java thread stack sizes (-Xss)
#   Set larger code cache with -XX:ReservedCodeCacheSize=
#   JVM is running with Unscaled Compressed Oops mode in which the Java heap is
#     placed in the first 4GB address space. The Java Heap base address is the
#     maximum limit for the native heap growth. Please use -XX:HeapBaseMinAddress
#     to set the Java Heap base and to place the Java Heap above 4GB virtual address.
# This output file may be truncated or incomplete.
#
#  Out of Memory Error (allocation.cpp:46), pid=2807913, tid=2808366
#
# JRE version: OpenJDK Runtime Environment Zulu11.58+23-CA (11.0.16.1+1) (build 11.0.16.1+1-LTS)
# Java VM: OpenJDK 64-Bit Server VM Zulu11.58+23-CA (11.0.16.1+1-LTS, mixed mode, tiered, compressed oops, g1 gc, linux-amd64)
# No core dump will be written. Core dumps have been disabled. To enable core dumping, try "ulimit -c unlimited" before starting Java again
#

---------------  S U M M A R Y ------------

Command Line: --add-opens=java.base/java.lang=ALL-UNNAMED --add-opens=java.base/java.io=ALL-UNNAMED --add-opens=java.base/java.nio=ALL-UNNAMED --add-opens=java.base/java.net=ALL-UNNAMED --add-opens=java.base/java.util=ALL-UNNAMED --add-opens=java.base/java.util.concurrent.locks=ALL-UNNAMED --add-opens=java.base/java.util.concurrent.atomic=ALL-UNNAMED --add-opens=java.base/java.nio.file.spi=ALL-UNNAMED --add-opens=java.base/sun.nio.ch=ALL-UNNAMED --add-opens=java.base/sun.nio.fs=ALL-UNNAMED --add-opens=java.base/sun.net.www.protocol.http=ALL-UNNAMED --add-opens=java.base/sun.net.www.protocol.https=ALL-UNNAMED --add-opens=java.base/sun.net.www.protocol.ftp=ALL-UNNAMED --add-opens=java.base/sun.net.www.protocol.file=ALL-UNNAMED --add-opens=java.base/jdk.internal.misc=ALL-UNNAMED --add-opens=java.base/jdk.internal.vm=ALL-UNNAMED --add-opens=java.base/java.util.regex=ALL-UNNAMED -XX:+TieredCompilation -XX:TieredStopAtLevel=1 -Xmx2g -Djava.library.path=/software/badger/module-builds/htslib/1.21/lib:/usr/lib/oracle/19.6/client64/lib:/software/lsf-tol22/10.1/linux3.10-glibc2.17-x86_64/lib:/usr/java/packages/lib:/usr/lib64:/lib64:/lib:/usr/lib -Dfile.encoding=UTF-8 -Dcapsule.app=nextflow_24.04.4 -Djava.awt.headless=true -Dcapsule.jar=/software/treeoflife/conda/users/envs/tol/nf-core_3.2/share/nextflow/dist/24.04.4/nextflow-24.04.4-one.jar -Dcom.sun.security.enableAIAcaIssuers=true nextflow.cli.Launcher config -flat /nfs/users/nfs_w/we3/.config/nfcore/nf-core/modules

Host: x86_64, 8 cores, 91G, x86_64
Time: Fri Feb 28 15:48:10 2025 GMT elapsed time: 2.083160 seconds (0d 0h 0m 2s)

---------------  T H R E A D  ---------------

Current thread (0x00007f6ca4009800):  GCTaskThread "GC Thread#6" [stack: 0x00007f6cad981000,0x00007f6cada81000] [id=2808366]

Stack: [0x00007f6cad981000,0x00007f6cada81000],  sp=0x00007f6cada7f410,  free space=1017k
Native frames: (J=compiled Java code, A=aot compiled Java code, j=interpreted, Vv=VM code, C=native code)
V  [libjvm.so+0xe7fe46]
[error occurred during error reporting (printing native stack), id 0xe0000001, Out of Memory Error (src/hotspot/share/memory/allocation.cpp:46)]


---------------  P R O C E S S  ---------------

Threads class SMR info:
_java_thread_list=0x00007f6c7c000c40, length=11, elements={
0x00007f6ce002d000, 0x00007f6ce05bd800, 0x00007f6ce05c1800, 0x00007f6ce05d6800,
0x00007f6ce05d8800, 0x00007f6ce05da800, 0x00007f6ce05dd000, 0x00007f6ce06a1000,
0x00007f6ce0d27000, 0x00007f6ce0d28800, 0x00007f6c7c001800
}

Java Threads: ( => current thread )
  0x00007f6ce002d000 JavaThread "main" [_thread_blocked, id=2808342, stack(0x00007f6ce4a3d000,0x00007f6ce4b3d000)]
  0x00007f6ce05bd800 JavaThread "Reference Handler" daemon [_thread_blocked, id=2808349, stack(0x00007f6cbc169000,0x00007f6cbc269000)]
  0x00007f6ce05c1800 JavaThread "Finalizer" daemon [_thread_blocked, id=2808350, stack(0x00007f6cbc069000,0x00007f6cbc169000)]
  0x00007f6ce05d6800 JavaThread "Signal Dispatcher" daemon [_thread_blocked, id=2808351, stack(0x00007f6caf18d000,0x00007f6caf28d000)]
  0x00007f6ce05d8800 JavaThread "Service Thread" daemon [_thread_blocked, id=2808352, stack(0x00007f6caf08d000,0x00007f6caf18d000)]
  0x00007f6ce05da800 JavaThread "C1 CompilerThread0" daemon [_thread_blocked, id=2808353, stack(0x00007f6caef8d000,0x00007f6caf08d000)]
  0x00007f6ce05dd000 JavaThread "Sweeper thread" daemon [_thread_blocked, id=2808354, stack(0x00007f6caee8d000,0x00007f6caef8d000)]
  0x00007f6ce06a1000 JavaThread "Common-Cleaner" daemon [_thread_blocked, id=2808355, stack(0x00007f6caed8d000,0x00007f6caee8d000)]
  0x00007f6ce0d27000 JavaThread "ForkJoinPool.commonPool-worker-3" daemon [_thread_blocked, id=2808358, stack(0x00007f6cae18b000,0x00007f6cae28b000)]
  0x00007f6ce0d28800 JavaThread "ForkJoinPool.commonPool-worker-5" daemon [_thread_blocked, id=2808359, stack(0x00007f6cae08b000,0x00007f6cae18b000)]
  0x00007f6c7c001800 JavaThread "ForkJoinPool.commonPool-worker-7" daemon [_thread_blocked, id=2808360, stack(0x00007f6cadf8b000,0x00007f6cae08b000)]

Other Threads:
  0x00007f6ce05b5000 VMThread "VM Thread" [stack: 0x00007f6cbc26b000,0x00007f6cbc36b000] [id=2808348]
  0x00007f6ce06a7800 WatcherThread [stack: 0x00007f6caec8d000,0x00007f6caed8d000] [id=2808356]
  0x00007f6ce0045000 GCTaskThread "GC Thread#0" [stack: 0x00007f6cc84b5000,0x00007f6cc85b5000] [id=2808343]
  0x00007f6ca4001000 GCTaskThread "GC Thread#1" [stack: 0x00007f6cade8b000,0x00007f6cadf8b000] [id=2808361]
  0x00007f6ca4002800 GCTaskThread "GC Thread#2" [stack: 0x00007f6cadd89000,0x00007f6cade89000] [id=2808362]
  0x00007f6ca4004000 GCTaskThread "GC Thread#3" [stack: 0x00007f6cadc87000,0x00007f6cadd87000] [id=2808363]
  0x00007f6ca4006000 GCTaskThread "GC Thread#4" [stack: 0x00007f6cadb85000,0x00007f6cadc85000] [id=2808364]
  0x00007f6ca4008000 GCTaskThread "GC Thread#5" [stack: 0x00007f6cada83000,0x00007f6cadb83000] [id=2808365]
=>0x00007f6ca4009800 GCTaskThread "GC Thread#6" [stack: 0x00007f6cad981000,0x00007f6cada81000] [id=2808366]
  0x00007f6ca400b800 GCTaskThread "GC Thread#7" [stack: 0x00007f6cad87f000,0x00007f6cad97f000] [id=2808367]
  0x00007f6ce0078000 ConcurrentGCThread "G1 Main Marker" [stack: 0x00007f6cbeefc000,0x00007f6cbeffc000] [id=2808344]
  0x00007f6ce0079800 ConcurrentGCThread "G1 Conc#0" [stack: 0x00007f6cbedfa000,0x00007f6cbeefa000] [id=2808345]
  0x00007f6cb8001000 ConcurrentGCThread "G1 Conc#1" [stack: 0x00007f6cace5f000,0x00007f6cacf5f000] [id=2808369]
  0x00007f6ce0552000 ConcurrentGCThread "G1 Refine#0" [stack: 0x00007f6cbc4f0000,0x00007f6cbc5f0000] [id=2808346]
  0x00007f6cb4001000 ConcurrentGCThread "G1 Refine#1" [stack: 0x00007f6cad42a000,0x00007f6cad52a000] [id=2808368]
  0x00007f6ce0553800 ConcurrentGCThread "G1 Young RemSet Sampling" [stack: 0x00007f6cbc3ee000,0x00007f6cbc4ee000] [id=2808347]

Threads with active compile tasks:

VM state:at safepoint (normal execution)

VM Mutex/Monitor currently owned by a thread:  ([mutex/lock_event])
[0x00007f6ce0028d60] Threads_lock - owner thread: 0x00007f6ce05b5000
[0x00007f6ce0029540] Heap_lock - owner thread: 0x00007f6ce002d000

Heap address: 0x0000000080000000, size: 2048 MB, Compressed Oops mode: 32-bit
Narrow klass base: 0x0000000000000000, Narrow klass shift: 3
Compressed class space size: 1073741824 Address: 0x0000000100000000

Heap:
 garbage-first heap   total 75776K, used 53174K [0x0000000080000000, 0x0000000100000000)
  region size 1024K, 31 young (31744K), 3 survivors (3072K)
 Metaspace       used 26745K, capacity 27664K, committed 27952K, reserved 1073152K
  class space    used 3184K, capacity 3587K, committed 3712K, reserved 1048576K
Heap Regions: E=young(eden), S=young(survivor), O=old, HS=humongous(starts), HC=humongous(continues), CS=collection set, F=free, A=archive, TAMS=top-at-mark-start (previous, next)
|   0|0x0000000080000000, 0x00000000800fffe0, 0x0000000080100000| 99%| O|  |TAMS 0x0000000080000000, 0x0000000080000000| Untracked 
|   1|0x0000000080100000, 0x00000000801feda0, 0x0000000080200000| 99%| O|  |TAMS 0x0000000080100000, 0x0000000080100000| Untracked 
|   2|0x0000000080200000, 0x000000008028a120, 0x0000000080300000| 53%| O|  |TAMS 0x0000000080200000, 0x0000000080200000| Untracked 
|   3|0x0000000080300000, 0x00000000803ffff8, 0x0000000080400000| 99%| O|  |TAMS 0x0000000080300000, 0x0000000080300000| Untracked 
|   4|0x0000000080400000, 0x00000000804fffe8, 0x0000000080500000| 99%| O|  |TAMS 0x0000000080400000, 0x0000000080400000| Untracked 
|   5|0x0000000080500000, 0x00000000805fffe8, 0x0000000080600000| 99%| O|  |TAMS 0x0000000080500000, 0x0000000080500000| Untracked 
|   6|0x0000000080600000, 0x00000000806fffe0, 0x0000000080700000| 99%| O|  |TAMS 0x0000000080600000, 0x0000000080600000| Untracked 
|   7|0x0000000080700000, 0x00000000807f30a8, 0x0000000080800000| 94%| O|  |TAMS 0x0000000080700000, 0x0000000080700000| Untracked 
|   8|0x0000000080800000, 0x00000000808ff938, 0x0000000080900000| 99%| O|  |TAMS 0x0000000080800000, 0x0000000080800000| Untracked 
|   9|0x0000000080900000, 0x00000000809ffff0, 0x0000000080a00000| 99%| O|  |TAMS 0x0000000080900000, 0x0000000080900000| Untracked 
|  10|0x0000000080a00000, 0x0000000080afca28, 0x0000000080b00000| 98%| O|  |TAMS 0x0000000080a00000, 0x0000000080a00000| Untracked 
|  11|0x0000000080b00000, 0x0000000080bffff8, 0x0000000080c00000| 99%| O|  |TAMS 0x0000000080b00000, 0x0000000080b00000| Untracked 
|  12|0x0000000080c00000, 0x0000000080ce9af8, 0x0000000080d00000| 91%| O|  |TAMS 0x0000000080c00000, 0x0000000080c00000| Untracked 
|  13|0x0000000080d00000, 0x0000000080e00000, 0x0000000080e00000|100%| O|  |TAMS 0x0000000080d00000, 0x0000000080d00000| Untracked 
|  14|0x0000000080e00000, 0x0000000080ee0810, 0x0000000080f00000| 87%| O|  |TAMS 0x0000000080e00000, 0x0000000080e00000| Untracked 
|  15|0x0000000080f00000, 0x0000000080f00000, 0x0000000081000000|  0%| F|  |TAMS 0x0000000080f00000, 0x0000000080f00000| Untracked 
|  16|0x0000000081000000, 0x0000000081000000, 0x0000000081100000|  0%| F|  |TAMS 0x0000000081000000, 0x0000000081000000| Untracked 
|  17|0x0000000081100000, 0x0000000081100000, 0x0000000081200000|  0%| F|  |TAMS 0x0000000081100000, 0x0000000081100000| Untracked 
|  18|0x0000000081200000, 0x0000000081200000, 0x0000000081300000|  0%| F|  |TAMS 0x0000000081200000, 0x0000000081200000| Untracked 
|  19|0x0000000081300000, 0x0000000081300000, 0x0000000081400000|  0%| F|  |TAMS 0x0000000081300000, 0x0000000081300000| Untracked 
|  20|0x0000000081400000, 0x0000000081400000, 0x0000000081500000|  0%| F|  |TAMS 0x0000000081400000, 0x0000000081400000| Untracked 
|  21|0x0000000081500000, 0x00000000815fb4a8, 0x0000000081600000| 98%| O|  |TAMS 0x0000000081500000, 0x0000000081500000| Untracked 
|  22|0x0000000081600000, 0x0000000081600000, 0x0000000081700000|  0%| F|  |TAMS 0x0000000081600000, 0x0000000081600000| Untracked 
|  23|0x0000000081700000, 0x0000000081700000, 0x0000000081800000|  0%| F|  |TAMS 0x0000000081700000, 0x0000000081700000| Untracked 
|  24|0x0000000081800000, 0x0000000081800000, 0x0000000081900000|  0%| F|  |TAMS 0x0000000081800000, 0x0000000081800000| Untracked 
|  25|0x0000000081900000, 0x0000000081900000, 0x0000000081a00000|  0%| F|  |TAMS 0x0000000081900000, 0x0000000081900000| Untracked 
|  26|0x0000000081a00000, 0x0000000081a00000, 0x0000000081b00000|  0%| F|  |TAMS 0x0000000081a00000, 0x0000000081a00000| Untracked 
|  27|0x0000000081b00000, 0x0000000081b00000, 0x0000000081c00000|  0%| F|  |TAMS 0x0000000081b00000, 0x0000000081b00000| Untracked 
|  28|0x0000000081c00000, 0x0000000081c00000, 0x0000000081d00000|  0%| F|  |TAMS 0x0000000081c00000, 0x0000000081c00000| Untracked 
|  29|0x0000000081d00000, 0x0000000081d00000, 0x0000000081e00000|  0%| F|  |TAMS 0x0000000081d00000, 0x0000000081d00000| Untracked 
|  30|0x0000000081e00000, 0x0000000081e00000, 0x0000000081f00000|  0%| F|  |TAMS 0x0000000081e00000, 0x0000000081e00000| Untracked 
|  31|0x0000000081f00000, 0x0000000081f73f00, 0x0000000082000000| 45%| E|CS|TAMS 0x0000000081f00000, 0x0000000081f00000| Complete 
|  32|0x0000000082000000, 0x0000000082100000, 0x0000000082100000|100%| E|CS|TAMS 0x0000000082000000, 0x0000000082000000| Complete 
|  33|0x0000000082100000, 0x0000000082200000, 0x0000000082200000|100%| E|CS|TAMS 0x0000000082100000, 0x0000000082100000| Complete 
|  34|0x0000000082200000, 0x0000000082300000, 0x0000000082300000|100%| E|CS|TAMS 0x0000000082200000, 0x0000000082200000| Complete 
|  35|0x0000000082300000, 0x00000000823531a8, 0x0000000082400000| 32%| S|  |TAMS 0x0000000082300000, 0x0000000082300000| Complete 
|  36|0x0000000082400000, 0x0000000082500000, 0x0000000082500000|100%| S|  |TAMS 0x0000000082400000, 0x0000000082400000| Complete 
|  37|0x0000000082500000, 0x0000000082600000, 0x0000000082600000|100%| S|  |TAMS 0x0000000082500000, 0x0000000082500000| Complete 
|  38|0x0000000082600000, 0x0000000082700000, 0x0000000082700000|100%| E|CS|TAMS 0x0000000082600000, 0x0000000082600000| Complete 
|  39|0x0000000082700000, 0x0000000082800000, 0x0000000082800000|100%| E|CS|TAMS 0x0000000082700000, 0x0000000082700000| Complete 
|  40|0x0000000082800000, 0x0000000082900000, 0x0000000082900000|100%| E|CS|TAMS 0x0000000082800000, 0x0000000082800000| Complete 
|  41|0x0000000082900000, 0x0000000082a00000, 0x0000000082a00000|100%| E|CS|TAMS 0x0000000082900000, 0x0000000082900000| Complete 
|  42|0x0000000082a00000, 0x0000000082b00000, 0x0000000082b00000|100%| E|CS|TAMS 0x0000000082a00000, 0x0000000082a00000| Complete 
|  43|0x0000000082b00000, 0x0000000082c00000, 0x0000000082c00000|100%| E|CS|TAMS 0x0000000082b00000, 0x0000000082b00000| Complete 
|  44|0x0000000082c00000, 0x0000000082d00000, 0x0000000082d00000|100%| E|CS|TAMS 0x0000000082c00000, 0x0000000082c00000| Complete 
|  45|0x0000000082d00000, 0x0000000082e00000, 0x0000000082e00000|100%| E|CS|TAMS 0x0000000082d00000, 0x0000000082d00000| Complete 
|  46|0x0000000082e00000, 0x0000000082f00000, 0x0000000082f00000|100%| E|CS|TAMS 0x0000000082e00000, 0x0000000082e00000| Complete 
|  47|0x0000000082f00000, 0x0000000083000000, 0x0000000083000000|100%| E|CS|TAMS 0x0000000082f00000, 0x0000000082f00000| Complete 
|  48|0x0000000083000000, 0x0000000083100000, 0x0000000083100000|100%| E|CS|TAMS 0x0000000083000000, 0x0000000083000000| Complete 
|  49|0x0000000083100000, 0x0000000083200000, 0x0000000083200000|100%| E|CS|TAMS 0x0000000083100000, 0x0000000083100000| Complete 
|  50|0x0000000083200000, 0x0000000083300000, 0x0000000083300000|100%| E|CS|TAMS 0x0000000083200000, 0x0000000083200000| Complete 
|  51|0x0000000083300000, 0x0000000083400000, 0x0000000083400000|100%| E|CS|TAMS 0x0000000083300000, 0x0000000083300000| Complete 
|  52|0x0000000083400000, 0x0000000083500000, 0x0000000083500000|100%| E|CS|TAMS 0x0000000083400000, 0x0000000083400000| Complete 
|  53|0x0000000083500000, 0x0000000083600000, 0x0000000083600000|100%| E|CS|TAMS 0x0000000083500000, 0x0000000083500000| Complete 
|  54|0x0000000083600000, 0x0000000083700000, 0x0000000083700000|100%| E|CS|TAMS 0x0000000083600000, 0x0000000083600000| Complete 
|  55|0x0000000083700000, 0x0000000083800000, 0x0000000083800000|100%| E|CS|TAMS 0x0000000083700000, 0x0000000083700000| Complete 
|  56|0x0000000083800000, 0x0000000083900000, 0x0000000083900000|100%| E|CS|TAMS 0x0000000083800000, 0x0000000083800000| Complete 
|  57|0x0000000083900000, 0x0000000083a00000, 0x0000000083a00000|100%| E|CS|TAMS 0x0000000083900000, 0x0000000083900000| Complete 
|  58|0x0000000083a00000, 0x0000000083b00000, 0x0000000083b00000|100%| E|CS|TAMS 0x0000000083a00000, 0x0000000083a00000| Complete 
|  59|0x0000000083b00000, 0x0000000083c00000, 0x0000000083c00000|100%| E|CS|TAMS 0x0000000083b00000, 0x0000000083b00000| Complete 
|  60|0x0000000083c00000, 0x0000000083d00000, 0x0000000083d00000|100%| E|CS|TAMS 0x0000000083c00000, 0x0000000083c00000| Complete 
|  61|0x0000000083d00000, 0x0000000083e00000, 0x0000000083e00000|100%| E|CS|TAMS 0x0000000083d00000, 0x0000000083d00000| Complete 
|  62|0x0000000083e00000, 0x0000000083f00000, 0x0000000083f00000|100%| E|CS|TAMS 0x0000000083e00000, 0x0000000083e00000| Complete 
|  63|0x0000000083f00000, 0x0000000084000000, 0x0000000084000000|100%| E|CS|TAMS 0x0000000083f00000, 0x0000000083f00000| Complete 
|  64|0x0000000084000000, 0x0000000084100000, 0x0000000084100000|100%| E|CS|TAMS 0x0000000084000000, 0x0000000084000000| Complete 
|  65|0x0000000084100000, 0x0000000084200000, 0x0000000084200000|100%| E|CS|TAMS 0x0000000084100000, 0x0000000084100000| Complete 
| 386|0x0000000098200000, 0x00000000982ef2e0, 0x0000000098300000| 93%| O|  |TAMS 0x0000000098200000, 0x0000000098200000| Untracked 
| 648|0x00000000a8800000, 0x00000000a88fffd0, 0x00000000a8900000| 99%| O|  |TAMS 0x00000000a8800000, 0x00000000a8800000| Untracked 
| 649|0x00000000a8900000, 0x00000000a8a00000, 0x00000000a8a00000|100%| O|  |TAMS 0x00000000a8900000, 0x00000000a8900000| Untracked 
| 650|0x00000000a8a00000, 0x00000000a8b00000, 0x00000000a8b00000|100%| O|  |TAMS 0x00000000a8a00000, 0x00000000a8a00000| Untracked 
| 651|0x00000000a8b00000, 0x00000000a8bfffe0, 0x00000000a8c00000| 99%| O|  |TAMS 0x00000000a8b00000, 0x00000000a8b00000| Untracked 
| 652|0x00000000a8c00000, 0x00000000a8c31d60, 0x00000000a8d00000| 19%| O|  |TAMS 0x00000000a8c00000, 0x00000000a8c00000| Untracked 
|1384|0x00000000d6800000, 0x00000000d68ff438, 0x00000000d6900000| 99%| O|  |TAMS 0x00000000d6800000, 0x00000000d6800000| Untracked 
|1385|0x00000000d6900000, 0x00000000d69fc550, 0x00000000d6a00000| 98%| O|  |TAMS 0x00000000d6900000, 0x00000000d6900000| Untracked 

Card table byte_map: [0x00007f6cc33fc000,0x00007f6cc37fc000] _byte_map_base: 0x00007f6cc2ffc000

Marking Bits (Prev, Next): (CMBitMap*) 0x00007f6ce006ee40, (CMBitMap*) 0x00007f6ce006ee08
 Prev Bits: [0x00007f6cbeffc000, 0x00007f6cc0ffc000)
 Next Bits: [0x00007f6cc0ffc000, 0x00007f6cc2ffc000)

Polling page: 0x00007f6ce6170000

Metaspace:

Usage:
  Non-class:     23.51 MB capacity,    23.01 MB ( 98%) used,   417.17 KB (  2%) free+waste,    99.69 KB ( <1%) overhead. 
      Class:      3.50 MB capacity,     3.11 MB ( 89%) used,   349.84 KB ( 10%) free+waste,    52.25 KB (  1%) overhead. 
       Both:     27.02 MB capacity,    26.12 MB ( 97%) used,   767.01 KB (  3%) free+waste,   151.94 KB ( <1%) overhead. 

Virtual space:
  Non-class space:       24.00 MB reserved,      23.67 MB ( 99%) committed 
      Class space:        1.00 GB reserved,       3.62 MB ( <1%) committed 
             Both:        1.02 GB reserved,      27.30 MB (  3%) committed 

Chunk freelists:
   Non-Class:  3.00 KB
       Class:  0 bytes
        Both:  3.00 KB

MaxMetaspaceSize: unlimited
CompressedClassSpaceSize: 1.00 GB
Initial GC threshold: 20.80 MB
Current GC threshold: 41.95 MB
CDS: off

CodeHeap 'non-profiled nmethods': size=238384Kb used=5561Kb max_used=5561Kb free=232822Kb
 bounds [0x00007f6cc8ebb000, 0x00007f6cc942b000, 0x00007f6cd7787000]
CodeHeap 'non-nmethods': size=7376Kb used=1542Kb max_used=1542Kb free=5833Kb
 bounds [0x00007f6cc8787000, 0x00007f6cc89f7000, 0x00007f6cc8ebb000]
 total_blobs=4298 nmethods=3715 adapters=511
 compilation: enabled
              stopped_count=0, restarted_count=0
 full_count=0

Compilation events (20 events):
Event: 2.069 Thread 0x00007f6ce05da800 3706       1       org.codehaus.groovy.reflection.CachedClass$3::initValue (5 bytes)
Event: 2.069 Thread 0x00007f6ce05da800 nmethod 3706 0x00007f6cc9425b90 code [0x00007f6cc9425d40, 0x00007f6cc9425e00]
Event: 2.069 Thread 0x00007f6ce05da800 3707       1       org.codehaus.groovy.reflection.CachedClass$3$$Lambda$15/0x00000001000e8440::run (8 bytes)
Event: 2.069 Thread 0x00007f6ce05da800 nmethod 3707 0x00007f6cc9425e90 code [0x00007f6cc9426040, 0x00007f6cc9426120]
Event: 2.069 Thread 0x00007f6ce05da800 3708   !   1       org.codehaus.groovy.reflection.CachedClass$3::lambda$initValue$4 (63 bytes)
Event: 2.069 Thread 0x00007f6ce05da800 nmethod 3708 0x00007f6cc9426210 code [0x00007f6cc94264c0, 0x00007f6cc9426dd0]
Event: 2.069 Thread 0x00007f6ce05da800 3709       1       org.codehaus.groovy.reflection.CachedClass$3$$Lambda$18/0x00000001000ef040::get$Lambda (9 bytes)
Event: 2.070 Thread 0x00007f6ce05da800 nmethod 3709 0x00007f6cc9427490 code [0x00007f6cc9427640, 0x00007f6cc9427770]
Event: 2.070 Thread 0x00007f6ce05da800 3710       1       org.codehaus.groovy.reflection.CachedClass$3$$Lambda$18/0x00000001000ef040::<init> (10 bytes)
Event: 2.070 Thread 0x00007f6ce05da800 nmethod 3710 0x00007f6cc9427810 code [0x00007f6cc94279c0, 0x00007f6cc9427ab0]
Event: 2.070 Thread 0x00007f6ce05da800 3711       1       org.codehaus.groovy.reflection.CachedClass$3$$Lambda$19/0x00000001000ef440::apply (5 bytes)
Event: 2.070 Thread 0x00007f6ce05da800 nmethod 3711 0x00007f6cc9427b10 code [0x00007f6cc9427cc0, 0x00007f6cc9427e10]
Event: 2.071 Thread 0x00007f6ce05da800 3712       1       java.lang.invoke.BoundMethodHandle$Species_LLLL::copyWithExtendL (33 bytes)
Event: 2.072 Thread 0x00007f6ce05da800 nmethod 3712 0x00007f6cc9427e90 code [0x00007f6cc9428060, 0x00007f6cc94281e0]
Event: 2.072 Thread 0x00007f6ce05da800 3713       1       org.codehaus.groovy.ast.expr.BinaryExpression::getOperation (5 bytes)
Event: 2.072 Thread 0x00007f6ce05da800 nmethod 3713 0x00007f6cc9428310 code [0x00007f6cc94284c0, 0x00007f6cc9428570]
Event: 2.072 Thread 0x00007f6ce05da800 3715   !   1       org.codehaus.groovy.runtime.DefaultGroovyMethods::asType (92 bytes)
Event: 2.072 Thread 0x00007f6ce05da800 nmethod 3715 0x00007f6cc9428610 code [0x00007f6cc9428860, 0x00007f6cc9428e70]
Event: 2.072 Thread 0x00007f6ce05da800 3714       1       org.codehaus.groovy.syntax.Token::getText (5 bytes)
Event: 2.072 Thread 0x00007f6ce05da800 nmethod 3714 0x00007f6cc9429310 code [0x00007f6cc94294c0, 0x00007f6cc9429570]

GC Heap History (13 events):
Event: 1.054 GC heap before
{Heap before GC invocations=0 (full 0):
 garbage-first heap   total 1497088K, used 73728K [0x0000000080000000, 0x0000000100000000)
  region size 1024K, 73 young (74752K), 0 survivors (0K)
 Metaspace       used 19639K, capacity 20142K, committed 20480K, reserved 1067008K
  class space    used 2033K, capacity 2248K, committed 2304K, reserved 1048576K
}
Event: 1.075 GC heap after
{Heap after GC invocations=1 (full 0):
 garbage-first heap   total 1497088K, used 12785K [0x0000000080000000, 0x0000000100000000)
  region size 1024K, 10 young (10240K), 10 survivors (10240K)
 Metaspace       used 19639K, capacity 20142K, committed 20480K, reserved 1067008K
  class space    used 2033K, capacity 2248K, committed 2304K, reserved 1048576K
}
Event: 1.185 GC heap before
{Heap before GC invocations=1 (full 0):
 garbage-first heap   total 1497088K, used 31217K [0x0000000080000000, 0x0000000100000000)
  region size 1024K, 29 young (29696K), 10 survivors (10240K)
 Metaspace       used 20583K, capacity 21122K, committed 21296K, reserved 1069056K
  class space    used 2132K, capacity 2358K, committed 2432K, reserved 1048576K
}
Event: 1.208 GC heap after
{Heap after GC invocations=2 (full 0):
 garbage-first heap   total 1497088K, used 16626K [0x0000000080000000, 0x0000000100000000)
  region size 1024K, 4 young (4096K), 4 survivors (4096K)
 Metaspace       used 20583K, capacity 21122K, committed 21296K, reserved 1069056K
  class space    used 2132K, capacity 2358K, committed 2432K, reserved 1048576K
}
Event: 1.664 GC heap before
{Heap before GC invocations=3 (full 0):
 garbage-first heap   total 1497088K, used 84210K [0x0000000080000000, 0x0000000100000000)
  region size 1024K, 72 young (73728K), 4 survivors (4096K)
 Metaspace       used 24835K, capacity 25669K, committed 25776K, reserved 1071104K
  class space    used 2908K, capacity 3286K, committed 3328K, reserved 1048576K
}
Event: 1.677 GC heap after
{Heap after GC invocations=4 (full 0):
 garbage-first heap   total 1497088K, used 22805K [0x0000000080000000, 0x0000000100000000)
  region size 1024K, 10 young (10240K), 10 survivors (10240K)
 Metaspace       used 24835K, capacity 25669K, committed 25776K, reserved 1071104K
  class space    used 2908K, capacity 3286K, committed 3328K, reserved 1048576K
}
Event: 1.677 GC heap before
{Heap before GC invocations=4 (full 0):
 garbage-first heap   total 1497088K, used 22805K [0x0000000080000000, 0x0000000100000000)
  region size 1024K, 10 young (10240K), 10 survivors (10240K)
 Metaspace       used 24835K, capacity 25669K, committed 25776K, reserved 1071104K
  class space    used 2908K, capacity 3286K, committed 3328K, reserved 1048576K
}
Event: 1.727 GC heap after
{Heap after GC invocations=5 (full 1):
 garbage-first heap   total 75776K, used 20966K [0x0000000080000000, 0x0000000100000000)
  region size 1024K, 0 young (0K), 0 survivors (0K)
 Metaspace       used 24835K, capacity 25669K, committed 25776K, reserved 1071104K
  class space    used 2908K, capacity 3286K, committed 3328K, reserved 1048576K
}
Event: 1.924 GC heap before
{Heap before GC invocations=5 (full 1):
 garbage-first heap   total 75776K, used 48614K [0x0000000080000000, 0x0000000100000000)
  region size 1024K, 28 young (28672K), 0 survivors (0K)
 Metaspace       used 26385K, capacity 27248K, committed 27568K, reserved 1073152K
  class space    used 3140K, capacity 3514K, committed 3584K, reserved 1048576K
}
Event: 1.928 GC heap after
{Heap after GC invocations=6 (full 1):
 garbage-first heap   total 75776K, used 23652K [0x0000000080000000, 0x0000000100000000)
  region size 1024K, 3 young (3072K), 3 survivors (3072K)
 Metaspace       used 26385K, capacity 27248K, committed 27568K, reserved 1073152K
  class space    used 3140K, capacity 3514K, committed 3584K, reserved 1048576K
}
Event: 2.019 GC heap before
{Heap before GC invocations=6 (full 1):
 garbage-first heap   total 75776K, used 52324K [0x0000000080000000, 0x0000000100000000)
  region size 1024K, 31 young (31744K), 3 survivors (3072K)
 Metaspace       used 26722K, capacity 27657K, committed 27952K, reserved 1073152K
  class space    used 3183K, capacity 3586K, committed 3712K, reserved 1048576K
}
Event: 2.025 GC heap after
{Heap after GC invocations=7 (full 1):
 garbage-first heap   total 75776K, used 24502K [0x0000000080000000, 0x0000000100000000)
  region size 1024K, 4 young (4096K), 4 survivors (4096K)
 Metaspace       used 26722K, capacity 27657K, committed 27952K, reserved 1073152K
  class space    used 3183K, capacity 3586K, committed 3712K, reserved 1048576K
}
Event: 2.073 GC heap before
{Heap before GC invocations=7 (full 1):
 garbage-first heap   total 75776K, used 53174K [0x0000000080000000, 0x0000000100000000)
  region size 1024K, 32 young (32768K), 4 survivors (4096K)
 Metaspace       used 26745K, capacity 27664K, committed 27952K, reserved 1073152K
  class space    used 3184K, capacity 3587K, committed 3712K, reserved 1048576K
}

Deoptimization events (0 events):
No events

Classes redefined (0 events):
No events

Internal exceptions (20 events):
Event: 2.039 Thread 0x00007f6ce002d000 Exception <a 'java/lang/ClassNotFoundException'{0x0000000083c60ec0}: org/codehaus/groovy/ast/expr/BinaryExpressionBeanInfo> (0x0000000083c60ec0) thrown at [src/hotspot/share/classfile/systemDictionary.cpp, line 233]
Event: 2.041 Thread 0x00007f6ce002d000 Exception <a 'java/lang/ClassNotFoundException'{0x0000000083b975a8}: org/codehaus/groovy/ast/expr/BinaryExpressionCustomizer> (0x0000000083b975a8) thrown at [src/hotspot/share/classfile/systemDictionary.cpp, line 233]
Event: 2.044 Thread 0x00007f6ce002d000 Exception <a 'java/lang/ClassNotFoundException'{0x0000000083af63b0}: org/codehaus/groovy/ast/expr/DeclarationExpressionBeanInfo> (0x0000000083af63b0) thrown at [src/hotspot/share/classfile/systemDictionary.cpp, line 233]
Event: 2.045 Thread 0x00007f6ce002d000 Exception <a 'java/lang/ClassNotFoundException'{0x000000008382d678}: org/codehaus/groovy/ast/expr/DeclarationExpressionCustomizer> (0x000000008382d678) thrown at [src/hotspot/share/classfile/systemDictionary.cpp, line 233]
Event: 2.047 Thread 0x00007f6ce002d000 Exception <a 'java/lang/ClassNotFoundException'{0x0000000083866030}: nextflow/ast/NextflowXformImpl$1BeanInfo> (0x0000000083866030) thrown at [src/hotspot/share/classfile/systemDictionary.cpp, line 233]
Event: 2.047 Thread 0x00007f6ce002d000 Exception <a 'java/lang/ClassNotFoundException'{0x0000000083875710}: nextflow/ast/NextflowXformImpl$1Customizer> (0x0000000083875710) thrown at [src/hotspot/share/classfile/systemDictionary.cpp, line 233]
Event: 2.049 Thread 0x00007f6ce002d000 Exception <a 'java/lang/ClassNotFoundException'{0x00000000837cf9a0}: org/codehaus/groovy/ast/expr/VariableExpressionBeanInfo> (0x00000000837cf9a0) thrown at [src/hotspot/share/classfile/systemDictionary.cpp, line 233]
Event: 2.051 Thread 0x00007f6ce002d000 Exception <a 'java/lang/ClassNotFoundException'{0x0000000083506598}: org/codehaus/groovy/ast/expr/VariableExpressionCustomizer> (0x0000000083506598) thrown at [src/hotspot/share/classfile/systemDictionary.cpp, line 233]
Event: 2.053 Thread 0x00007f6ce002d000 Exception <a 'java/lang/ClassNotFoundException'{0x00000000834680a0}: org/codehaus/groovy/ast/expr/ConstantExpressionBeanInfo> (0x00000000834680a0) thrown at [src/hotspot/share/classfile/systemDictionary.cpp, line 233]
Event: 2.054 Thread 0x00007f6ce002d000 Exception <a 'java/lang/ClassNotFoundException'{0x000000008339e8d8}: org/codehaus/groovy/ast/expr/ConstantExpressionCustomizer> (0x000000008339e8d8) thrown at [src/hotspot/share/classfile/systemDictionary.cpp, line 233]
Event: 2.056 Thread 0x00007f6ce002d000 Exception <a 'java/lang/ClassNotFoundException'{0x00000000832fe830}: org/codehaus/groovy/ast/expr/ArgumentListExpressionBeanInfo> (0x00000000832fe830) thrown at [src/hotspot/share/classfile/systemDictionary.cpp, line 233]
Event: 2.058 Thread 0x00007f6ce002d000 Exception <a 'java/lang/ClassNotFoundException'{0x0000000083034880}: org/codehaus/groovy/ast/expr/TupleExpressionBeanInfo> (0x0000000083034880) thrown at [src/hotspot/share/classfile/systemDictionary.cpp, line 233]
Event: 2.059 Thread 0x00007f6ce002d000 Exception <a 'java/lang/ClassNotFoundException'{0x0000000082f6aaa8}: org/codehaus/groovy/ast/expr/TupleExpressionCustomizer> (0x0000000082f6aaa8) thrown at [src/hotspot/share/classfile/systemDictionary.cpp, line 233]
Event: 2.061 Thread 0x00007f6ce002d000 Exception <a 'java/lang/ClassNotFoundException'{0x0000000082eac7c0}: org/codehaus/groovy/ast/expr/ArgumentListExpressionCustomizer> (0x0000000082eac7c0) thrown at [src/hotspot/share/classfile/systemDictionary.cpp, line 233]
Event: 2.063 Thread 0x00007f6ce002d000 Exception <a 'java/lang/ClassNotFoundException'{0x0000000082dfd2a0}: org/codehaus/groovy/ast/expr/StaticMethodCallExpressionBeanInfo> (0x0000000082dfd2a0) thrown at [src/hotspot/share/classfile/systemDictionary.cpp, line 233]
Event: 2.064 Thread 0x00007f6ce002d000 Exception <a 'java/lang/ClassNotFoundException'{0x0000000082b34850}: org/codehaus/groovy/ast/expr/StaticMethodCallExpressionCustomizer> (0x0000000082b34850) thrown at [src/hotspot/share/classfile/systemDictionary.cpp, line 233]
Event: 2.066 Thread 0x00007f6ce002d000 Exception <a 'java/lang/ClassNotFoundException'{0x0000000082a8a428}: org/codehaus/groovy/ast/expr/ClassExpressionBeanInfo> (0x0000000082a8a428) thrown at [src/hotspot/share/classfile/systemDictionary.cpp, line 233]
Event: 2.068 Thread 0x00007f6ce002d000 Exception <a 'java/lang/ClassNotFoundException'{0x00000000829c06f8}: org/codehaus/groovy/ast/expr/ClassExpressionCustomizer> (0x00000000829c06f8) thrown at [src/hotspot/share/classfile/systemDictionary.cpp, line 233]
Event: 2.070 Thread 0x00007f6ce002d000 Exception <a 'java/lang/ClassNotFoundException'{0x0000000082711798}: org/codehaus/groovy/ast/expr/ClosureExpressionBeanInfo> (0x0000000082711798) thrown at [src/hotspot/share/classfile/systemDictionary.cpp, line 233]
Event: 2.071 Thread 0x00007f6ce002d000 Exception <a 'java/lang/ClassNotFoundException'{0x0000000082647c88}: org/codehaus/groovy/ast/expr/ClosureExpressionCustomizer> (0x0000000082647c88) thrown at [src/hotspot/share/classfile/systemDictionary.cpp, line 233]

Events (20 events):
Event: 2.069 loading class org/codehaus/groovy/ast/expr/ClosureExpressionBeanInfo done
Event: 2.070 loading class org/codehaus/groovy/ast/expr/ClosureExpressionBeanInfo
Event: 2.070 loading class org/codehaus/groovy/ast/expr/ClosureExpressionBeanInfo done
Event: 2.070 loading class org/codehaus/groovy/ast/expr/ClosureExpressionCustomizer
Event: 2.070 loading class org/codehaus/groovy/ast/expr/ClosureExpressionCustomizer done
Event: 2.070 loading class org/codehaus/groovy/ast/expr/ClosureExpressionCustomizer
Event: 2.070 loading class org/codehaus/groovy/ast/expr/ClosureExpressionCustomizer done
Event: 2.071 loading class org/codehaus/groovy/ast/expr/ClosureExpressionCustomizer
Event: 2.071 loading class org/codehaus/groovy/ast/expr/ClosureExpressionCustomizer done
Event: 2.071 loading class org/codehaus/groovy/ast/expr/Expression
Event: 2.071 loading class org/codehaus/groovy/ast/expr/Expression done
Event: 2.071 loading class org/codehaus/groovy/ast/expr/Expression
Event: 2.071 loading class org/codehaus/groovy/ast/expr/Expression done
Event: 2.072 loading class org/codehaus/groovy/ast/expr/Expression
Event: 2.072 loading class org/codehaus/groovy/ast/expr/Expression done
Event: 2.072 loading class groovy/runtime/metaclass/org/codehaus/groovy/ast/expr/GStringExpressionMetaClass
Event: 2.072 loading class groovy/runtime/metaclass/org/codehaus/groovy/ast/expr/GStringExpressionMetaClass done
Event: 2.072 loading class org/codehaus/groovy/ast/expr/GStringExpressionBeanInfo
Event: 2.072 loading class org/codehaus/groovy/ast/expr/GStringExpressionBeanInfo done
Event: 2.073 Executing VM operation: G1CollectForAllocation


Dynamic libraries:
80000000-84200000 rw-p 00000000 00:00 0 
84200000-98200000 ---p 00000000 00:00 0 
98200000-98300000 rw-p 00000000 00:00 0 
98300000-a8800000 ---p 00000000 00:00 0 
a8800000-a8d00000 rw-p 00000000 00:00 0 
a8d00000-d6800000 ---p 00000000 00:00 0 
d6800000-d6a00000 rw-p 00000000 00:00 0 
d6a00000-100000000 ---p 00000000 00:00 0 
100000000-1003a0000 rw-p 00000000 00:00 0 
1003a0000-140000000 ---p 00000000 00:00 0 
55ec5e9fb000-55ec5e9fc000 r-xp 00000000 00:3d 7842092687                 /software/treeoflife/custom-installs/bin/nextflow/24.04.2-5914/zulu11.58.23-ca-jdk11.0.16.1-linux_x64/bin/java
55ec5e9fd000-55ec5e9fe000 r--p 00001000 00:3d 7842092687                 /software/treeoflife/custom-installs/bin/nextflow/24.04.2-5914/zulu11.58.23-ca-jdk11.0.16.1-linux_x64/bin/java
55ec5e9fe000-55ec5e9ff000 rw-p 00002000 00:3d 7842092687                 /software/treeoflife/custom-installs/bin/nextflow/24.04.2-5914/zulu11.58.23-ca-jdk11.0.16.1-linux_x64/bin/java
55ec618ff000-55ec61920000 rw-p 00000000 00:00 0                          [heap]
7f6c74000000-7f6c74021000 rw-p 00000000 00:00 0 
7f6c74021000-7f6c78000000 ---p 00000000 00:00 0 
7f6c78000000-7f6c78021000 rw-p 00000000 00:00 0 
7f6c78021000-7f6c7c000000 ---p 00000000 00:00 0 
7f6c7c000000-7f6c7c023000 rw-p 00000000 00:00 0 
7f6c7c023000-7f6c80000000 ---p 00000000 00:00 0 
7f6c80000000-7f6c80080000 rw-p 00000000 00:00 0 
7f6c80080000-7f6c84000000 ---p 00000000 00:00 0 
7f6c84000000-7f6c84021000 rw-p 00000000 00:00 0 
7f6c84021000-7f6c88000000 ---p 00000000 00:00 0 
7f6c88000000-7f6c88021000 rw-p 00000000 00:00 0 
7f6c88021000-7f6c8c000000 ---p 00000000 00:00 0 
7f6c8c000000-7f6c8c611000 rw-p 00000000 00:00 0 
7f6c8c611000-7f6c90000000 ---p 00000000 00:00 0 
7f6c90000000-7f6c90021000 rw-p 00000000 00:00 0 
7f6c90021000-7f6c94000000 ---p 00000000 00:00 0 
7f6c94000000-7f6c94021000 rw-p 00000000 00:00 0 
7f6c94021000-7f6c98000000 ---p 00000000 00:00 0 
7f6c98000000-7f6c98021000 rw-p 00000000 00:00 0 
7f6c98021000-7f6c9c000000 ---p 00000000 00:00 0 
7f6c9c000000-7f6c9c021000 rw-p 00000000 00:00 0 
7f6c9c021000-7f6ca0000000 ---p 00000000 00:00 0 
7f6ca0000000-7f6ca0021000 rw-p 00000000 00:00 0 
7f6ca0021000-7f6ca4000000 ---p 00000000 00:00 0 
7f6ca4000000-7f6ca5834000 rw-p 00000000 00:00 0 
7f6ca5834000-7f6ca8000000 ---p 00000000 00:00 0 
7f6ca8000000-7f6ca8021000 rw-p 00000000 00:00 0 
7f6ca8021000-7f6cac000000 ---p 00000000 00:00 0 
7f6cacc5d000-7f6cace5d000 rw-p 00000000 00:00 0 
7f6cace5d000-7f6cace5e000 ---p 00000000 00:00 0 
7f6cace5e000-7f6cacf5f000 rw-p 00000000 00:00 0 
7f6cad028000-7f6cad1e8000 rw-p 00000000 00:00 0 
7f6cad1e8000-7f6cad228000 ---p 00000000 00:00 0 
7f6cad228000-7f6cad414000 rw-p 00000000 00:00 0 
7f6cad414000-7f6cad428000 ---p 00000000 00:00 0 
7f6cad428000-7f6cad429000 ---p 00000000 00:00 0 
7f6cad429000-7f6cad52a000 rw-p 00000000 00:00 0 
7f6cad63a000-7f6cad63b000 rw-p 00000000 00:00 0 
7f6cad642000-7f6cad643000 rw-p 00000000 00:00 0 
7f6cad678000-7f6cad679000 rw-p 00000000 00:00 0 
7f6cad698000-7f6cad699000 rw-p 00000000 00:00 0 
7f6cad69c000-7f6cad69d000 rw-p 00000000 00:00 0 
7f6cad6c5000-7f6cad6c8000 rw-p 00000000 00:00 0 
7f6cad75d000-7f6cad846000 rw-p 00000000 00:00 0 
7f6cad846000-7f6cad872000 rw-p 00000000 00:00 0 
7f6cad872000-7f6cad87d000 rw-p 00000000 00:00 0 
7f6cad87d000-7f6cad87e000 ---p 00000000 00:00 0 
7f6cad87e000-7f6cad97f000 rw-p 00000000 00:00 0 
7f6cad97f000-7f6cad980000 ---p 00000000 00:00 0 
7f6cad980000-7f6cada81000 rw-p 00000000 00:00 0 
7f6cada81000-7f6cada82000 ---p 00000000 00:00 0 
7f6cada82000-7f6cadb83000 rw-p 00000000 00:00 0 
7f6cadb83000-7f6cadb84000 ---p 00000000 00:00 0 
7f6cadb84000-7f6cadc85000 rw-p 00000000 00:00 0 
7f6cadc85000-7f6cadc86000 ---p 00000000 00:00 0 
7f6cadc86000-7f6cadd87000 rw-p 00000000 00:00 0 
7f6cadd87000-7f6cadd88000 ---p 00000000 00:00 0 
7f6cadd88000-7f6cade89000 rw-p 00000000 00:00 0 
7f6cade89000-7f6cade8a000 ---p 00000000 00:00 0 
7f6cade8a000-7f6cadf8b000 rw-p 00000000 00:00 0 
7f6cadf8b000-7f6cadf8f000 ---p 00000000 00:00 0 
7f6cadf8f000-7f6cae08b000 rw-p 00000000 00:00 0 
7f6cae08b000-7f6cae08f000 ---p 00000000 00:00 0 
7f6cae08f000-7f6cae18b000 rw-p 00000000 00:00 0 
7f6cae18b000-7f6cae18f000 ---p 00000000 00:00 0 
7f6cae18f000-7f6cae48b000 rw-p 00000000 00:00 0 
7f6cae48b000-7f6cae68b000 rw-p 00000000 00:00 0 
7f6cae68b000-7f6cae88b000 rw-p 00000000 00:00 0 
7f6cae88b000-7f6caea8b000 rw-p 00000000 00:00 0 
7f6caea8b000-7f6caec8b000 rw-p 00000000 00:00 0 
7f6caec8b000-7f6caec8c000 ---p 00000000 00:00 0 
7f6caec8c000-7f6caed8d000 rw-p 00000000 00:00 0 
7f6caed8d000-7f6caed91000 ---p 00000000 00:00 0 
7f6caed91000-7f6caee8d000 rw-p 00000000 00:00 0 
7f6caee8d000-7f6caee91000 ---p 00000000 00:00 0 
7f6caee91000-7f6caef8d000 rw-p 00000000 00:00 0 
7f6caef8d000-7f6caef91000 ---p 00000000 00:00 0 
7f6caef91000-7f6caf08d000 rw-p 00000000 00:00 0 
7f6caf08d000-7f6caf091000 ---p 00000000 00:00 0 
7f6caf091000-7f6caf18d000 rw-p 00000000 00:00 0 
7f6caf18d000-7f6caf191000 ---p 00000000 00:00 0 
7f6caf191000-7f6caf28d000 rw-p 00000000 00:00 0 
7f6caf28d000-7f6caf800000 r--p 00000000 fc:01 3267                       /usr/lib/locale/locale-archive
7f6caf800000-7f6cb0000000 rw-p 00000000 00:00 0 
7f6cb0000000-7f6cb0021000 rw-p 00000000 00:00 0 
7f6cb0021000-7f6cb4000000 ---p 00000000 00:00 0 
7f6cb4000000-7f6cb4021000 rw-p 00000000 00:00 0 
7f6cb4021000-7f6cb8000000 ---p 00000000 00:00 0 
7f6cb8000000-7f6cb8021000 rw-p 00000000 00:00 0 
7f6cb8021000-7f6cbc000000 ---p 00000000 00:00 0 
7f6cbc000000-7f6cbc069000 rw-p 00000000 00:00 0 
7f6cbc069000-7f6cbc06d000 ---p 00000000 00:00 0 
7f6cbc06d000-7f6cbc169000 rw-p 00000000 00:00 0 
7f6cbc169000-7f6cbc16d000 ---p 00000000 00:00 0 
7f6cbc16d000-7f6cbc269000 rw-p 00000000 00:00 0 
7f6cbc269000-7f6cbc26a000 ---p 00000000 00:00 0 
7f6cbc26a000-7f6cbc3ec000 rw-p 00000000 00:00 0 
7f6cbc3ec000-7f6cbc3ed000 ---p 00000000 00:00 0 
7f6cbc3ed000-7f6cbc4ee000 rw-p 00000000 00:00 0 
7f6cbc4ee000-7f6cbc4ef000 ---p 00000000 00:00 0 
7f6cbc4ef000-7f6cbedf8000 rw-p 00000000 00:00 0 
7f6cbedf8000-7f6cbedf9000 ---p 00000000 00:00 0 
7f6cbedf9000-7f6cbeefa000 rw-p 00000000 00:00 0 
7f6cbeefa000-7f6cbeefb000 ---p 00000000 00:00 0 
7f6cbeefb000-7f6cbf104000 rw-p 00000000 00:00 0 
7f6cbf104000-7f6cbf604000 ---p 00000000 00:00 0 
7f6cbf604000-7f6cbf608000 rw-p 00000000 00:00 0 
7f6cbf608000-7f6cbfa1c000 ---p 00000000 00:00 0 
7f6cbfa1c000-7f6cbfa30000 rw-p 00000000 00:00 0 
7f6cbfa30000-7f6cc059c000 ---p 00000000 00:00 0 
7f6cc059c000-7f6cc05a4000 rw-p 00000000 00:00 0 
7f6cc05a4000-7f6cc0ffc000 ---p 00000000 00:00 0 
7f6cc0ffc000-7f6cc1104000 rw-p 00000000 00:00 0 
7f6cc1104000-7f6cc1604000 ---p 00000000 00:00 0 
7f6cc1604000-7f6cc1608000 rw-p 00000000 00:00 0 
7f6cc1608000-7f6cc1a1c000 ---p 00000000 00:00 0 
7f6cc1a1c000-7f6cc1a30000 rw-p 00000000 00:00 0 
7f6cc1a30000-7f6cc259c000 ---p 00000000 00:00 0 
7f6cc259c000-7f6cc25a4000 rw-p 00000000 00:00 0 
7f6cc25a4000-7f6cc2ffc000 ---p 00000000 00:00 0 
7f6cc2ffc000-7f6cc301d000 rw-p 00000000 00:00 0 
7f6cc301d000-7f6cc30bd000 ---p 00000000 00:00 0 
7f6cc30bd000-7f6cc30be000 rw-p 00000000 00:00 0 
7f6cc30be000-7f6cc3140000 ---p 00000000 00:00 0 
7f6cc3140000-7f6cc3143000 rw-p 00000000 00:00 0 
7f6cc3143000-7f6cc32b0000 ---p 00000000 00:00 0 
7f6cc32b0000-7f6cc32b1000 rw-p 00000000 00:00 0 
7f6cc32b1000-7f6cc33fc000 ---p 00000000 00:00 0 
7f6cc33fc000-7f6cc341d000 rw-p 00000000 00:00 0 
7f6cc341d000-7f6cc34bd000 ---p 00000000 00:00 0 
7f6cc34bd000-7f6cc34be000 rw-p 00000000 00:00 0 
7f6cc34be000-7f6cc3540000 ---p 00000000 00:00 0 
7f6cc3540000-7f6cc3543000 rw-p 00000000 00:00 0 
7f6cc3543000-7f6cc36b0000 ---p 00000000 00:00 0 
7f6cc36b0000-7f6cc36b1000 rw-p 00000000 00:00 0 
7f6cc36b1000-7f6cc37fc000 ---p 00000000 00:00 0 
7f6cc37fc000-7f6cc381d000 rw-p 00000000 00:00 0 
7f6cc381d000-7f6cc38bd000 ---p 00000000 00:00 0 
7f6cc38bd000-7f6cc38be000 rw-p 00000000 00:00 0 
7f6cc38be000-7f6cc3940000 ---p 00000000 00:00 0 
7f6cc3940000-7f6cc3943000 rw-p 00000000 00:00 0 
7f6cc3943000-7f6cc3ab0000 ---p 00000000 00:00 0 
7f6cc3ab0000-7f6cc3ab1000 rw-p 00000000 00:00 0 
7f6cc3ab1000-7f6cc3bfc000 ---p 00000000 00:00 0 
7f6cc3bfc000-7f6cc4000000 rw-p 00000000 00:00 0 
7f6cc4000000-7f6cc4021000 rw-p 00000000 00:00 0 
7f6cc4021000-7f6cc8000000 ---p 00000000 00:00 0 
7f6cc8000000-7f6cc8015000 rw-p 00000000 00:00 0 
7f6cc8015000-7f6cc802a000 r-xp 00000000 00:3d 7932425836                 /software/treeoflife/custom-installs/bin/nextflow/24.04.2-5914/zulu11.58.23-ca-jdk11.0.16.1-linux_x64/lib/libnet.so
7f6cc802a000-7f6cc802b000 r--p 00014000 00:3d 7932425836                 /software/treeoflife/custom-installs/bin/nextflow/24.04.2-5914/zulu11.58.23-ca-jdk11.0.16.1-linux_x64/lib/libnet.so
7f6cc802b000-7f6cc802c000 rw-p 00015000 00:3d 7932425836                 /software/treeoflife/custom-installs/bin/nextflow/24.04.2-5914/zulu11.58.23-ca-jdk11.0.16.1-linux_x64/lib/libnet.so
7f6cc802c000-7f6cc84b3000 rw-p 00000000 00:00 0 
7f6cc84b3000-7f6cc84b4000 ---p 00000000 00:00 0 
7f6cc84b4000-7f6cc85c0000 rw-p 00000000 00:00 0 
7f6cc85c0000-7f6cc8787000 ---p 00000000 00:00 0 
7f6cc8787000-7f6cc89f7000 rwxp 00000000 00:00 0 
7f6cc89f7000-7f6cc8ebb000 ---p 00000000 00:00 0 
7f6cc8ebb000-7f6cc942b000 rwxp 00000000 00:00 0 
7f6cc942b000-7f6cd7787000 ---p 00000000 00:00 0 
7f6cd7787000-7f6ce0000000 r--s 00000000 00:3d 7909061934                 /software/treeoflife/custom-installs/bin/nextflow/24.04.2-5914/zulu11.58.23-ca-jdk11.0.16.1-linux_x64/lib/modules
7f6ce0000000-7f6ce1005000 rw-p 00000000 00:00 0 
7f6ce1005000-7f6ce4000000 ---p 00000000 00:00 0 
7f6ce4000000-7f6ce4003000 rw-p 00000000 00:00 0 
7f6ce4003000-7f6ce4013000 r-xp 00000000 00:3d 7933529660                 /software/treeoflife/custom-installs/bin/nextflow/24.04.2-5914/zulu11.58.23-ca-jdk11.0.16.1-linux_x64/lib/libnio.so
7f6ce4013000-7f6ce4014000 r--p 0000f000 00:3d 7933529660                 /software/treeoflife/custom-installs/bin/nextflow/24.04.2-5914/zulu11.58.23-ca-jdk11.0.16.1-linux_x64/lib/libnio.so
7f6ce4014000-7f6ce4015000 rw-p 00010000 00:3d 7933529660                 /software/treeoflife/custom-installs/bin/nextflow/24.04.2-5914/zulu11.58.23-ca-jdk11.0.16.1-linux_x64/lib/libnio.so
7f6ce4015000-7f6ce40e1000 rw-p 00000000 00:00 0 
7f6ce40e1000-7f6ce40eb000 ---p 00000000 00:00 0 
7f6ce40eb000-7f6ce49bf000 r--s 00000000 fc:01 775078                     /var/lib/sss/mc/passwd
7f6ce49bf000-7f6ce49c1000 r--p 00000000 fc:01 32155                      /usr/lib/x86_64-linux-gnu/libnss_sss.so.2
7f6ce49c1000-7f6ce49c8000 r-xp 00002000 fc:01 32155                      /usr/lib/x86_64-linux-gnu/libnss_sss.so.2
7f6ce49c8000-7f6ce49ca000 r--p 00009000 fc:01 32155                      /usr/lib/x86_64-linux-gnu/libnss_sss.so.2
7f6ce49ca000-7f6ce49cb000 r--p 0000a000 fc:01 32155                      /usr/lib/x86_64-linux-gnu/libnss_sss.so.2
7f6ce49cb000-7f6ce49cc000 rw-p 0000b000 fc:01 32155                      /usr/lib/x86_64-linux-gnu/libnss_sss.so.2
7f6ce49cc000-7f6ce49ce000 r--p 00000000 fc:01 22634                      /usr/lib/x86_64-linux-gnu/libnss_compat.so.2
7f6ce49ce000-7f6ce49d5000 r-xp 00002000 fc:01 22634                      /usr/lib/x86_64-linux-gnu/libnss_compat.so.2
7f6ce49d5000-7f6ce49d6000 r--p 00009000 fc:01 22634                      /usr/lib/x86_64-linux-gnu/libnss_compat.so.2
7f6ce49d6000-7f6ce49d7000 r--p 00009000 fc:01 22634                      /usr/lib/x86_64-linux-gnu/libnss_compat.so.2
7f6ce49d7000-7f6ce49d8000 rw-p 0000a000 fc:01 22634                      /usr/lib/x86_64-linux-gnu/libnss_compat.so.2
7f6ce49d8000-7f6ce49dc000 rw-p 00000000 00:00 0 
7f6ce49dc000-7f6ce49e3000 r-xp 00000000 00:3d 7893024377                 /software/treeoflife/custom-installs/bin/nextflow/24.04.2-5914/zulu11.58.23-ca-jdk11.0.16.1-linux_x64/lib/libzip.so
7f6ce49e3000-7f6ce49e4000 ---p 00007000 00:3d 7893024377                 /software/treeoflife/custom-installs/bin/nextflow/24.04.2-5914/zulu11.58.23-ca-jdk11.0.16.1-linux_x64/lib/libzip.so
7f6ce49e4000-7f6ce49e5000 r--p 00007000 00:3d 7893024377                 /software/treeoflife/custom-installs/bin/nextflow/24.04.2-5914/zulu11.58.23-ca-jdk11.0.16.1-linux_x64/lib/libzip.so
7f6ce49e5000-7f6ce49e6000 rw-p 00008000 00:3d 7893024377                 /software/treeoflife/custom-installs/bin/nextflow/24.04.2-5914/zulu11.58.23-ca-jdk11.0.16.1-linux_x64/lib/libzip.so
7f6ce49e6000-7f6ce49ee000 rw-s 00000000 fc:03 5898649                    /tmp/hsperfdata_we3/2807913
7f6ce49ee000-7f6ce4a09000 r-xp 00000000 00:3d 7910671415                 /software/treeoflife/custom-installs/bin/nextflow/24.04.2-5914/zulu11.58.23-ca-jdk11.0.16.1-linux_x64/lib/libjimage.so
7f6ce4a09000-7f6ce4a0b000 r--p 0001a000 00:3d 7910671415                 /software/treeoflife/custom-installs/bin/nextflow/24.04.2-5914/zulu11.58.23-ca-jdk11.0.16.1-linux_x64/lib/libjimage.so
7f6ce4a0b000-7f6ce4a0c000 rw-p 0001c000 00:3d 7910671415                 /software/treeoflife/custom-installs/bin/nextflow/24.04.2-5914/zulu11.58.23-ca-jdk11.0.16.1-linux_x64/lib/libjimage.so
7f6ce4a0c000-7f6ce4a35000 r-xp 00000000 00:3d 7903943150                 /software/treeoflife/custom-installs/bin/nextflow/24.04.2-5914/zulu11.58.23-ca-jdk11.0.16.1-linux_x64/lib/libjava.so
7f6ce4a35000-7f6ce4a36000 r--p 00028000 00:3d 7903943150                 /software/treeoflife/custom-installs/bin/nextflow/24.04.2-5914/zulu11.58.23-ca-jdk11.0.16.1-linux_x64/lib/libjava.so
7f6ce4a36000-7f6ce4a37000 rw-p 00029000 00:3d 7903943150                 /software/treeoflife/custom-installs/bin/nextflow/24.04.2-5914/zulu11.58.23-ca-jdk11.0.16.1-linux_x64/lib/libjava.so
7f6ce4a37000-7f6ce4a38000 rw-p 00000000 00:00 0 
7f6ce4a38000-7f6ce4a39000 r--p 00000000 fc:01 22641                      /usr/lib/x86_64-linux-gnu/librt.so.1
7f6ce4a39000-7f6ce4a3a000 r-xp 00001000 fc:01 22641                      /usr/lib/x86_64-linux-gnu/librt.so.1
7f6ce4a3a000-7f6ce4a3b000 r--p 00002000 fc:01 22641                      /usr/lib/x86_64-linux-gnu/librt.so.1
7f6ce4a3b000-7f6ce4a3c000 r--p 00002000 fc:01 22641                      /usr/lib/x86_64-linux-gnu/librt.so.1
7f6ce4a3c000-7f6ce4a3d000 rw-p 00003000 fc:01 22641                      /usr/lib/x86_64-linux-gnu/librt.so.1
7f6ce4a3d000-7f6ce4a41000 ---p 00000000 00:00 0 
7f6ce4a41000-7f6ce4b3d000 rw-p 00000000 00:00 0 
7f6ce4b3d000-7f6ce4b4b000 r--p 00000000 fc:01 22630                      /usr/lib/x86_64-linux-gnu/libm.so.6
7f6ce4b4b000-7f6ce4bc7000 r-xp 0000e000 fc:01 22630                      /usr/lib/x86_64-linux-gnu/libm.so.6
7f6ce4bc7000-7f6ce4c22000 r--p 0008a000 fc:01 22630                      /usr/lib/x86_64-linux-gnu/libm.so.6
7f6ce4c22000-7f6ce4c23000 r--p 000e4000 fc:01 22630                      /usr/lib/x86_64-linux-gnu/libm.so.6
7f6ce4c23000-7f6ce4c24000 rw-p 000e5000 fc:01 22630                      /usr/lib/x86_64-linux-gnu/libm.so.6
7f6ce4c24000-7f6ce5dae000 r-xp 00000000 00:3d 7921800671                 /software/treeoflife/custom-installs/bin/nextflow/24.04.2-5914/zulu11.58.23-ca-jdk11.0.16.1-linux_x64/lib/server/libjvm.so
7f6ce5dae000-7f6ce5e74000 r--p 01189000 00:3d 7921800671                 /software/treeoflife/custom-installs/bin/nextflow/24.04.2-5914/zulu11.58.23-ca-jdk11.0.16.1-linux_x64/lib/server/libjvm.so
7f6ce5e74000-7f6ce5eaf000 rw-p 0124f000 00:3d 7921800671                 /software/treeoflife/custom-installs/bin/nextflow/24.04.2-5914/zulu11.58.23-ca-jdk11.0.16.1-linux_x64/lib/server/libjvm.so
7f6ce5eaf000-7f6ce5f0a000 rw-p 00000000 00:00 0 
7f6ce5f0a000-7f6ce5f32000 r--p 00000000 fc:01 15380                      /usr/lib/x86_64-linux-gnu/libc.so.6
7f6ce5f32000-7f6ce60c7000 r-xp 00028000 fc:01 15380                      /usr/lib/x86_64-linux-gnu/libc.so.6
7f6ce60c7000-7f6ce611f000 r--p 001bd000 fc:01 15380                      /usr/lib/x86_64-linux-gnu/libc.so.6
7f6ce611f000-7f6ce6120000 ---p 00215000 fc:01 15380                      /usr/lib/x86_64-linux-gnu/libc.so.6
7f6ce6120000-7f6ce6124000 r--p 00215000 fc:01 15380                      /usr/lib/x86_64-linux-gnu/libc.so.6
7f6ce6124000-7f6ce6126000 rw-p 00219000 fc:01 15380                      /usr/lib/x86_64-linux-gnu/libc.so.6
7f6ce6126000-7f6ce6133000 rw-p 00000000 00:00 0 
7f6ce6133000-7f6ce6134000 r--p 00000000 fc:01 22628                      /usr/lib/x86_64-linux-gnu/libdl.so.2
7f6ce6134000-7f6ce6135000 r-xp 00001000 fc:01 22628                      /usr/lib/x86_64-linux-gnu/libdl.so.2
7f6ce6135000-7f6ce6136000 r--p 00002000 fc:01 22628                      /usr/lib/x86_64-linux-gnu/libdl.so.2
7f6ce6136000-7f6ce6137000 r--p 00002000 fc:01 22628                      /usr/lib/x86_64-linux-gnu/libdl.so.2
7f6ce6137000-7f6ce6138000 rw-p 00003000 fc:01 22628                      /usr/lib/x86_64-linux-gnu/libdl.so.2
7f6ce6138000-7f6ce613a000 rw-p 00000000 00:00 0 
7f6ce613a000-7f6ce6149000 r-xp 00000000 00:3d 7906300675                 /software/treeoflife/custom-installs/bin/nextflow/24.04.2-5914/zulu11.58.23-ca-jdk11.0.16.1-linux_x64/lib/jli/libjli.so
7f6ce6149000-7f6ce614a000 r--p 0000e000 00:3d 7906300675                 /software/treeoflife/custom-installs/bin/nextflow/24.04.2-5914/zulu11.58.23-ca-jdk11.0.16.1-linux_x64/lib/jli/libjli.so
7f6ce614a000-7f6ce614b000 rw-p 0000f000 00:3d 7906300675                 /software/treeoflife/custom-installs/bin/nextflow/24.04.2-5914/zulu11.58.23-ca-jdk11.0.16.1-linux_x64/lib/jli/libjli.so
7f6ce614b000-7f6ce614c000 r--p 00000000 fc:01 22639                      /usr/lib/x86_64-linux-gnu/libpthread.so.0
7f6ce614c000-7f6ce614d000 r-xp 00001000 fc:01 22639                      /usr/lib/x86_64-linux-gnu/libpthread.so.0
7f6ce614d000-7f6ce614e000 r--p 00002000 fc:01 22639                      /usr/lib/x86_64-linux-gnu/libpthread.so.0
7f6ce614e000-7f6ce614f000 r--p 00002000 fc:01 22639                      /usr/lib/x86_64-linux-gnu/libpthread.so.0
7f6ce614f000-7f6ce6150000 rw-p 00003000 fc:01 22639                      /usr/lib/x86_64-linux-gnu/libpthread.so.0
7f6ce6150000-7f6ce6152000 r--p 00000000 fc:01 3695                       /usr/lib/x86_64-linux-gnu/libz.so.1.2.11
7f6ce6152000-7f6ce6163000 r-xp 00002000 fc:01 3695                       /usr/lib/x86_64-linux-gnu/libz.so.1.2.11
7f6ce6163000-7f6ce6169000 r--p 00013000 fc:01 3695                       /usr/lib/x86_64-linux-gnu/libz.so.1.2.11
7f6ce6169000-7f6ce616a000 ---p 00019000 fc:01 3695                       /usr/lib/x86_64-linux-gnu/libz.so.1.2.11
7f6ce616a000-7f6ce616b000 r--p 00019000 fc:01 3695                       /usr/lib/x86_64-linux-gnu/libz.so.1.2.11
7f6ce616b000-7f6ce616c000 rw-p 0001a000 fc:01 3695                       /usr/lib/x86_64-linux-gnu/libz.so.1.2.11
7f6ce616c000-7f6ce6170000 rw-p 00000000 00:00 0 
7f6ce6170000-7f6ce6171000 ---p 00000000 00:00 0 
7f6ce6171000-7f6ce6172000 r--p 00000000 00:00 0 
7f6ce6172000-7f6ce617f000 r-xp 00000000 00:3d 7920824804                 /software/treeoflife/custom-installs/bin/nextflow/24.04.2-5914/zulu11.58.23-ca-jdk11.0.16.1-linux_x64/lib/libverify.so
7f6ce617f000-7f6ce6181000 r--p 0000c000 00:3d 7920824804                 /software/treeoflife/custom-installs/bin/nextflow/24.04.2-5914/zulu11.58.23-ca-jdk11.0.16.1-linux_x64/lib/libverify.so
7f6ce6181000-7f6ce6182000 rw-p 0000e000 00:3d 7920824804                 /software/treeoflife/custom-installs/bin/nextflow/24.04.2-5914/zulu11.58.23-ca-jdk11.0.16.1-linux_x64/lib/libverify.so
7f6ce6182000-7f6ce6184000 rw-p 00000000 00:00 0 
7f6ce6184000-7f6ce6186000 r--p 00000000 fc:01 15370                      /usr/lib/x86_64-linux-gnu/ld-linux-x86-64.so.2
7f6ce6186000-7f6ce61b0000 r-xp 00002000 fc:01 15370                      /usr/lib/x86_64-linux-gnu/ld-linux-x86-64.so.2
7f6ce61b0000-7f6ce61bb000 r--p 0002c000 fc:01 15370                      /usr/lib/x86_64-linux-gnu/ld-linux-x86-64.so.2
7f6ce61bb000-7f6ce61bc000 r--p 00000000 fc:01 778090                     /usr/share/locale-langpack/en_GB/LC_MESSAGES/libc.mo
7f6ce61bc000-7f6ce61be000 r--p 00037000 fc:01 15370                      /usr/lib/x86_64-linux-gnu/ld-linux-x86-64.so.2
7f6ce61be000-7f6ce61c0000 rw-p 00039000 fc:01 15370                      /usr/lib/x86_64-linux-gnu/ld-linux-x86-64.so.2
7ffe50abe000-7ffe50af5000 rw-p 00000000 00:00 0                          [stack]
7ffe50b38000-7ffe50b3c000 r--p 00000000 00:00 0                          [vvar]
7ffe50b3c000-7ffe50b3e000 r-xp 00000000 00:00 0                          [vdso]
ffffffffff600000-ffffffffff601000 --xp 00000000 00:00 0                  [vsyscall]


VM Arguments:
jvm_args: --add-opens=java.base/java.lang=ALL-UNNAMED --add-opens=java.base/java.io=ALL-UNNAMED --add-opens=java.base/java.nio=ALL-UNNAMED --add-opens=java.base/java.net=ALL-UNNAMED --add-opens=java.base/java.util=ALL-UNNAMED --add-opens=java.base/java.util.concurrent.locks=ALL-UNNAMED --add-opens=java.base/java.util.concurrent.atomic=ALL-UNNAMED --add-opens=java.base/java.nio.file.spi=ALL-UNNAMED --add-opens=java.base/sun.nio.ch=ALL-UNNAMED --add-opens=java.base/sun.nio.fs=ALL-UNNAMED --add-opens=java.base/sun.net.www.protocol.http=ALL-UNNAMED --add-opens=java.base/sun.net.www.protocol.https=ALL-UNNAMED --add-opens=java.base/sun.net.www.protocol.ftp=ALL-UNNAMED --add-opens=java.base/sun.net.www.protocol.file=ALL-UNNAMED --add-opens=java.base/jdk.internal.misc=ALL-UNNAMED --add-opens=java.base/jdk.internal.vm=ALL-UNNAMED --add-opens=java.base/java.util.regex=ALL-UNNAMED -XX:+TieredCompilation -XX:TieredStopAtLevel=1 -Xmx2g -Djava.library.path=/software/badger/module-builds/htslib/1.21/lib:/usr/lib/oracle/19.6/client64/lib:/software/lsf-tol22/10.1/linux3.10-glibc2.17-x86_64/lib:/usr/java/packages/lib:/usr/lib64:/lib64:/lib:/usr/lib -Dfile.encoding=UTF-8 -Dcapsule.app=nextflow_24.04.4 -Djava.awt.headless=true -Dcapsule.jar=/software/treeoflife/conda/users/envs/tol/nf-core_3.2/share/nextflow/dist/24.04.4/nextflow-24.04.4-one.jar -Dcom.sun.security.enableAIAcaIssuers=true 
java_command: nextflow.cli.Launcher config -flat /nfs/users/nfs_w/we3/.config/nfcore/nf-core/modules
java_class_path (initial): /software/treeoflife/conda/users/envs/tol/nf-core_3.2/share/nextflow/dist/24.04.4/nextflow-24.04.4-one.jar:/software/treeoflife/conda/users/envs/tol/nf-core_3.2/share/nextflow/capsule/deps/io/nextflow/nextflow/24.04.4/nextflow-24.04.4.jar:/software/treeoflife/conda/users/envs/tol/nf-core_3.2/share/nextflow/capsule/deps/org/apache/ivy/ivy/2.5.2/ivy-2.5.2.jar:/software/treeoflife/conda/users/envs/tol/nf-core_3.2/share/nextflow/capsule/deps/io/nextflow/nf-httpfs/24.04.4/nf-httpfs-24.04.4.jar:/software/treeoflife/conda/users/envs/tol/nf-core_3.2/share/nextflow/capsule/deps/io/nextflow/nf-commons/24.04.4/nf-commons-24.04.4.jar:/software/treeoflife/conda/users/envs/tol/nf-core_3.2/share/nextflow/capsule/deps/org/apache/groovy/groovy-templates/4.0.21/groovy-templates-4.0.21.jar:/software/treeoflife/conda/users/envs/tol/nf-core_3.2/share/nextflow/capsule/deps/org/apache/groovy/groovy-xml/4.0.21/groovy-xml-4.0.21.jar:/software/treeoflife/conda/users/envs/tol/nf-core_3.2/share/nextflow/capsule/deps/org/apache/groovy/groovy-yaml/4.0.21/groovy-yaml-4.0.21.jar:/software/treeoflife/conda/users/envs/tol/nf-core_3.2/share/nextflow/capsule/deps/org/apache/groovy/groovy-json/4.0.21/groovy-json-4.0.21.jar:/software/treeoflife/conda/users/envs/tol/nf-core_3.2/share/nextflow/capsule/deps/org/apache/groovy/groovy-nio/4.0.21/groovy-nio-4.0.21.jar:/software/treeoflife/conda/users/envs/tol/nf-core_3.2/share/nextflow/capsule/deps/org/apache/groovy/groovy/4.0.21/groovy-4.0.21.jar:/software/treeoflife/conda/users/envs/tol/nf-core_3.2/share/nextflow/capsule/deps/org/slf4j/jcl-over-slf4j/2.0.7/jcl-over-slf4j-2.0.7.jar:/software/treeoflife/conda/users/envs/tol/nf-core_3.2/share/nextflow/capsule/deps/org/slf4j/jul-to-slf4j/2.0.7/jul-to-slf4j-2.0.7.jar:/software/treeoflife/conda/users/envs/tol/nf-core_3.2/share/nextflow/capsule/deps/org/slf4j/log4j-over-slf4j/2.0.7/log4j-over-slf4j-2.0.7.jar:/software/treeoflife/conda/users/envs/tol/nf-core_3.2/share/nextflow/capsule/de
Launcher Type: SUN_STANDARD

[Global flags]
     bool UseCompressedOops                        = true                                 {lp64_product} {ergonomic}
     bool UseCompressedClassPointers               = true                                 {lp64_product} {ergonomic}
     intx CICompilerCount                          = 4                                         {product} {ergonomic}
   size_t MinHeapDeltaBytes                        = 1048576                                   {product} {ergonomic}
     bool SegmentedCodeCache                       = true                                      {product} {ergonomic}
    uintx ReservedCodeCacheSize                    = 251658240                              {pd product} {ergonomic}
    uintx NonProfiledCodeHeapSize                  = 244108496                              {pd product} {ergonomic}
    uintx ProfiledCodeHeapSize                     = 0                                      {pd product} {ergonomic}
    uintx NonNMethodCodeHeapSize                   = 7549744                                {pd product} {ergonomic}
     intx TieredStopAtLevel                        = 1                                         {product} {command line}
     bool TieredCompilation                        = true                                   {pd product} {command line}
   size_t G1HeapRegionSize                         = 1048576                                   {product} {ergonomic}
     uint G1ConcRefinementThreads                  = 8                                         {product} {ergonomic}
     bool UseG1GC                                  = true                                      {product} {ergonomic}
     uint ConcGCThreads                            = 2                                         {product} {ergonomic}
   size_t MarkStackSize                            = 4194304                                   {product} {ergonomic}
   size_t InitialHeapSize                          = 1533018112                                {product} {ergonomic}
   size_t MaxHeapSize                              = 2147483648                                {product} {command line}
   size_t MaxNewSize                               = 1287651328                                {product} {ergonomic}
    uintx GCDrainStackTargetSize                   = 64                                        {product} {ergonomic}

Logging:
Log output configuration:
 #0: stdout all=warning uptime,level,tags
 #1: stderr all=off uptime,level,tags

Environment Variables:
JAVA_HOME=/software/treeoflife/custom-installs/bin/nextflow/24.04.2-5914/jdk-11
PATH=/software/treeoflife/conda/users/envs/tol/nf-core_3.2/bin:/software/team311/jgrg/installs/pretext-to-asm/1.1.3/bin:/software/grit/projects/vgp_curation_scripts:/software/treeoflife/shpc/0.1.26/wrapper/quay.io/biocontainers/staden_io_lib/1.14.14--h0191234_7/bin:/software/treeoflife/shpc/0.1.26/wrapper/quay.io/biocontainers/seqtk/1.4--he4a0461_1/bin:/software/treeoflife/shpc/0.1.26/wrapper/quay.io/biocontainers/seqkit/2.8.0--h9ee0642_1/bin:/software/treeoflife/custom-installs/bin/sanger-tol/curationpretext/1.0.1:/software/singularity/3.11.4/bin:/software/treeoflife/custom-installs/bin/nextflow/24.04.2-5914/nextflow:/software/treeoflife/shpc/0.1.26/wrapper/quay.io/biocontainers/pretextsnapshot/0.0.4--h4ac6f70_3/bin:/software/treeoflife/shpc/0.1.26/wrapper/quay.io/biocontainers/pretextmap/0.1.9--h9f5acd7_1/bin:/software/spack_environments/default/00/opt/spack/linux-ubuntu22.04-x86_64_v3/gcc-13.1.0/perl-bioperl-1.7.6-dmd2ykop54ixqz4kpwam3u7on57w2gjj/bin:/software/spack_environments/default/00/opt/spack/linux-ubuntu22.04-x86_64_v3/gcc-13.1.0/perl-xml-twig-3.52-stc35gv3vlub6tv3zgqxdrcoc2tdke4m/bin:/software/spack_environments/default/00/opt/spack/linux-ubuntu22.04-x86_64_v3/gcc-13.1.0/libxml2-2.10.3-4je5t3cmntvyzu7ycja5cuzjo5ljib2n/bin:/software/spack_environments/default/00/opt/spack/linux-ubuntu22.04-x86_64_v3/gcc-13.1.0/xz-5.4.1-zulgbcwv76sr2dtbdq6tmfmle5a3y7of/bin:/software/spack_environments/default/00/opt/spack/linux-ubuntu22.04-x86_64_v3/gcc-13.1.0/libiconv-1.17-5d47ioej34crnzyfdgp5k5n22w7cvwgw/bin:/software/spack_environments/default/00/opt/spack/linux-ubuntu22.04-x86_64_v3/gcc-13.1.0/expat-2.5.0-smzqgj65ouklg36sarttiufyywmweq3o/bin:/software/spack_environments/default/00/opt/spack/linux-ubuntu22.04-x86_64_v3/gcc-13.1.0/perl-module-build-0.4232-hvoij3aaizmvr766tpbbk4tqgzi4mko5/bin:/software/spack_environments/default/00/opt/spack/linux-ubuntu22.04-x86_64_v3/gcc-13.1.0/perl-libwww-perl-6.68-m2jo7yfodabkm5blgdzlgj52atoihxzp/bin:/software/spack_environments/default/
LD_LIBRARY_PATH=/software/badger/module-builds/htslib/1.21/lib:/usr/lib/oracle/19.6/client64/lib:/software/lsf-tol22/10.1/linux3.10-glibc2.17-x86_64/lib
SHELL=/bin/bash
LANG=en_GB.utf8

Signal Handlers:
SIGSEGV: [libjvm.so+0xe80e20], sa_mask[0]=11111111011111111101111111111110, sa_flags=SA_RESTART|SA_SIGINFO
SIGBUS: [libjvm.so+0xe80e20], sa_mask[0]=11111111011111111101111111111110, sa_flags=SA_RESTART|SA_SIGINFO
SIGFPE: [libjvm.so+0xe80e20], sa_mask[0]=11111111011111111101111111111110, sa_flags=SA_RESTART|SA_SIGINFO
SIGPIPE: [libjvm.so+0xbd2a10], sa_mask[0]=11111111011111111101111111111110, sa_flags=SA_RESTART|SA_SIGINFO
SIGXFSZ: [libjvm.so+0xbd2a10], sa_mask[0]=11111111011111111101111111111110, sa_flags=SA_RESTART|SA_SIGINFO
SIGILL: [libjvm.so+0xe80e20], sa_mask[0]=11111111011111111101111111111110, sa_flags=SA_RESTART|SA_SIGINFO
SIGUSR2: [libjvm.so+0xbd28a0], sa_mask[0]=00000000000000000000000000000000, sa_flags=SA_RESTART|SA_SIGINFO
SIGHUP: [libjvm.so+0xbd3060], sa_mask[0]=11111111011111111101111111111110, sa_flags=SA_RESTART|SA_SIGINFO
SIGINT: [libjvm.so+0xbd3060], sa_mask[0]=11111111011111111101111111111110, sa_flags=SA_RESTART|SA_SIGINFO
SIGTERM: [libjvm.so+0xbd3060], sa_mask[0]=11111111011111111101111111111110, sa_flags=SA_RESTART|SA_SIGINFO
SIGQUIT: [libjvm.so+0xbd3060], sa_mask[0]=11111111011111111101111111111110, sa_flags=SA_RESTART|SA_SIGINFO


---------------  S Y S T E M  ---------------

OS:DISTRIB_ID=Ubuntu
DISTRIB_RELEASE=22.04
DISTRIB_CODENAME=jammy
DISTRIB_DESCRIPTION="Ubuntu 22.04.5 LTS"
uname:Linux 5.15.0-126-generic #136-Ubuntu SMP Wed Nov 6 10:38:22 UTC 2024 x86_64
OS uptime: 81 days 2:28 hours
libc:glibc 2.35 NPTL 2.35 
rlimit (soft/hard): STACK 8192k/infinity , CORE 0k/infinity , NPROC 373693/373693 , NOFILE 131072/131072 , AS 5000000k/5000000k , CPU infinity/infinity , DATA infinity/infinity , FSIZE infinity/infinity , MEMLOCK 11968044k/11968044k
load average:0.53 0.68 0.71

/proc/meminfo:
MemTotal:       95744380 kB
MemFree:        10506464 kB
MemAvailable:   80737012 kB
Buffers:          572072 kB
Cached:         61696968 kB
SwapCached:          656 kB
Active:         10514740 kB
Inactive:       58257396 kB
Active(anon):      25232 kB
Inactive(anon):  6493788 kB
Active(file):   10489508 kB
Inactive(file): 51763608 kB
Unevictable:       65432 kB
Mlocked:           61432 kB
SwapTotal:       8388604 kB
SwapFree:        8339880 kB
Dirty:               364 kB
Writeback:             0 kB
AnonPages:       6495124 kB
Mapped:          1034928 kB
Shmem:             11876 kB
KReclaimable:    9050692 kB
Slab:           15748212 kB
SReclaimable:    9050692 kB
SUnreclaim:      6697520 kB
KernelStack:       25776 kB
PageTables:       120776 kB
NFS_Unstable:          0 kB
Bounce:                0 kB
WritebackTmp:          0 kB
CommitLimit:    56260792 kB
Committed_AS:   12319528 kB
VmallocTotal:   34359738367 kB
VmallocUsed:      170776 kB
VmallocChunk:          0 kB
Percpu:            28384 kB
HardwareCorrupted:     0 kB
AnonHugePages:     14336 kB
ShmemHugePages:        0 kB
ShmemPmdMapped:        0 kB
FileHugePages:         0 kB
FilePmdMapped:         0 kB
HugePages_Total:       0
HugePages_Free:        0
HugePages_Rsvd:        0
HugePages_Surp:        0
Hugepagesize:       2048 kB
Hugetlb:               0 kB
DirectMap4k:    35950444 kB
DirectMap2M:    61534208 kB
DirectMap1G:           0 kB

/sys/kernel/mm/transparent_hugepage/enabled:
always [madvise] never
/sys/kernel/mm/transparent_hugepage/defrag (defrag/compaction efforts parameter):
always defer defer+madvise [madvise] never

Process Memory:
Could not open /proc/self/status to get process memory related information
C-Heap outstanding allocations: 43170K, retained: 26345K
glibc malloc tunables: (default)

/proc/sys/kernel/threads-max (system-wide limit on the number of threads):
747386
/proc/sys/vm/max_map_count (maximum number of memory map areas a process may have):
65530
/proc/sys/kernel/pid_max (system-wide limit on number of process identifiers):
4194304

container (cgroup) information:
container_type: cgroupv1
cpu_cpuset_cpus: not supported
cpu_memory_nodes: not supported
active_processor_count: 8
cpu_quota: not supported
cpu_period: not supported
cpu_shares: not supported
memory_limit_in_bytes: not supported
memory_and_swap_limit_in_bytes: not supported
memory_soft_limit_in_bytes: not supported
memory_usage_in_bytes: not supported
memory_max_usage_in_bytes: not supported

KVM virtualization detected

CPU:total 8 (initial active 8) (1 cores per cpu, 1 threads per core) family 6 model 85 stepping 4 microcode 0x1, cmov, cx8, fxsr, mmx, sse, sse2, sse3, ssse3, sse4.1, sse4.2, popcnt, avx, avx2, aes, clmul, erms, rtm, 3dnowpref, lzcnt, tsc, bmi1, bmi2, adx, fma

/proc/cpuinfo:
processor	: 0
vendor_id	: GenuineIntel
cpu family	: 6
model		: 85
model name	: Intel Xeon Processor (Skylake, IBRS)
stepping	: 4
microcode	: 0x1
cpu MHz		: 2599.980
cache size	: 16384 KB
physical id	: 0
siblings	: 1
core id		: 0
cpu cores	: 1
apicid		: 0
initial apicid	: 0
fpu		: yes
fpu_exception	: yes
cpuid level	: 13
wp		: yes
flags		: fpu vme de pse tsc msr pae mce cx8 apic sep mtrr pge mca cmov pat pse36 clflush mmx fxsr sse sse2 ss syscall nx pdpe1gb rdtscp lm constant_tsc rep_good nopl xtopology cpuid tsc_known_freq pni pclmulqdq vmx ssse3 fma cx16 pcid sse4_1 sse4_2 x2apic movbe popcnt tsc_deadline_timer aes xsave avx f16c rdrand hypervisor lahf_lm abm 3dnowprefetch cpuid_fault invpcid_single pti ssbd ibrs ibpb stibp tpr_shadow vnmi flexpriority ept vpid ept_ad fsgsbase tsc_adjust bmi1 hle avx2 smep bmi2 erms invpcid rtm mpx avx512f avx512dq rdseed adx smap clflushopt clwb avx512cd avx512bw avx512vl xsaveopt xsavec xgetbv1 xsaves arat umip pku ospke md_clear flush_l1d arch_capabilities
vmx flags	: vnmi preemption_timer posted_intr invvpid ept_x_only ept_ad ept_1gb flexpriority apicv tsc_offset vtpr mtf vapic ept vpid unrestricted_guest vapic_reg vid shadow_vmcs pml tsc_scaling
bugs		: cpu_meltdown spectre_v1 spectre_v2 spec_store_bypass l1tf mds swapgs taa mmio_stale_data retbleed bhi
bogomips	: 5199.96
clflush size	: 64
cache_alignment	: 64
address sizes	: 46 bits physical, 48 bits virtual
power management:

processor	: 1
vendor_id	: GenuineIntel
cpu family	: 6
model		: 85
model name	: Intel Xeon Processor (Skylake, IBRS)
stepping	: 4
microcode	: 0x1
cpu MHz		: 2599.980
cache size	: 16384 KB
physical id	: 1
siblings	: 1
core id		: 0
cpu cores	: 1
apicid		: 1
initial apicid	: 1
fpu		: yes
fpu_exception	: yes
cpuid level	: 13
wp		: yes
flags		: fpu vme de pse tsc msr pae mce cx8 apic sep mtrr pge mca cmov pat pse36 clflush mmx fxsr sse sse2 ss syscall nx pdpe1gb rdtscp lm constant_tsc rep_good nopl xtopology cpuid tsc_known_freq pni pclmulqdq vmx ssse3 fma cx16 pcid sse4_1 sse4_2 x2apic movbe popcnt tsc_deadline_timer aes xsave avx f16c rdrand hypervisor lahf_lm abm 3dnowprefetch cpuid_fault invpcid_single pti ssbd ibrs ibpb stibp tpr_shadow vnmi flexpriority ept vpid ept_ad fsgsbase tsc_adjust bmi1 hle avx2 smep bmi2 erms invpcid rtm mpx avx512f avx512dq rdseed adx smap clflushopt clwb avx512cd avx512bw avx512vl xsaveopt xsavec xgetbv1 xsaves arat umip pku ospke md_clear flush_l1d arch_capabilities
vmx flags	: vnmi preemption_timer posted_intr invvpid ept_x_only ept_ad ept_1gb flexpriority apicv tsc_offset vtpr mtf vapic ept vpid unrestricted_guest vapic_reg vid shadow_vmcs pml tsc_scaling
bugs		: cpu_meltdown spectre_v1 spectre_v2 spec_store_bypass l1tf mds swapgs taa mmio_stale_data retbleed bhi
bogomips	: 5199.96
clflush size	: 64
cache_alignment	: 64
address sizes	: 46 bits physical, 48 bits virtual
power management:

processor	: 2
vendor_id	: GenuineIntel
cpu family	: 6
model		: 85
model name	: Intel Xeon Processor (Skylake, IBRS)
stepping	: 4
microcode	: 0x1
cpu MHz		: 2599.980
cache size	: 16384 KB
physical id	: 2
siblings	: 1
core id		: 0
cpu cores	: 1
apicid		: 2
initial apicid	: 2
fpu		: yes
fpu_exception	: yes
cpuid level	: 13
wp		: yes
flags		: fpu vme de pse tsc msr pae mce cx8 apic sep mtrr pge mca cmov pat pse36 clflush mmx fxsr sse sse2 ss syscall nx pdpe1gb rdtscp lm constant_tsc rep_good nopl xtopology cpuid tsc_known_freq pni pclmulqdq vmx ssse3 fma cx16 pcid sse4_1 sse4_2 x2apic movbe popcnt tsc_deadline_timer aes xsave avx f16c rdrand hypervisor lahf_lm abm 3dnowprefetch cpuid_fault invpcid_single pti ssbd ibrs ibpb stibp tpr_shadow vnmi flexpriority ept vpid ept_ad fsgsbase tsc_adjust bmi1 hle avx2 smep bmi2 erms invpcid rtm mpx avx512f avx512dq rdseed adx smap clflushopt clwb avx512cd avx512bw avx512vl xsaveopt xsavec xgetbv1 xsaves arat umip pku ospke md_clear flush_l1d arch_capabilities
vmx flags	: vnmi preemption_timer posted_intr invvpid ept_x_only ept_ad ept_1gb flexpriority apicv tsc_offset vtpr mtf vapic ept vpid unrestricted_guest vapic_reg vid shadow_vmcs pml tsc_scaling
bugs		: cpu_meltdown spectre_v1 spectre_v2 spec_store_bypass l1tf mds swapgs taa mmio_stale_data retbleed bhi
bogomips	: 5199.96
clflush size	: 64
cache_alignment	: 64
address sizes	: 46 bits physical, 48 bits virtual
power management:

processor	: 3
vendor_id	: GenuineIntel
cpu family	: 6
model		: 85
model name	: Intel Xeon Processor (Skylake, IBRS)
stepping	: 4
microcode	: 0x1
cpu MHz		: 2599.980
cache size	: 16384 KB
physical id	: 3
siblings	: 1
core id		: 0
cpu cores	: 1
apicid		: 3
initial apicid	: 3
fpu		: yes
fpu_exception	: yes
cpuid level	: 13
wp		: yes
flags		: fpu vme de pse tsc msr pae mce cx8 apic sep mtrr pge mca cmov pat pse36 clflush mmx fxsr sse sse2 ss syscall nx pdpe1gb rdtscp lm constant_tsc rep_good nopl xtopology cpuid tsc_known_freq pni pclmulqdq vmx ssse3 fma cx16 pcid sse4_1 sse4_2 x2apic movbe popcnt tsc_deadline_timer aes xsave avx f16c rdrand hypervisor lahf_lm abm 3dnowprefetch cpuid_fault invpcid_single pti ssbd ibrs ibpb stibp tpr_shadow vnmi flexpriority ept vpid ept_ad fsgsbase tsc_adjust bmi1 hle avx2 smep bmi2 erms invpcid rtm mpx avx512f avx512dq rdseed adx smap clflushopt clwb avx512cd avx512bw avx512vl xsaveopt xsavec xgetbv1 xsaves arat umip pku ospke md_clear flush_l1d arch_capabilities
vmx flags	: vnmi preemption_timer posted_intr invvpid ept_x_only ept_ad ept_1gb flexpriority apicv tsc_offset vtpr mtf vapic ept vpid unrestricted_guest vapic_reg vid shadow_vmcs pml tsc_scaling
bugs		: cpu_meltdown spectre_v1 spectre_v2 spec_store_bypass l1tf mds swapgs taa mmio_stale_data retbleed bhi
bogomips	: 5199.96
clflush size	: 64
cache_alignment	: 64
address sizes	: 46 bits physical, 48 bits virtual
power management:

processor	: 4
vendor_id	: GenuineIntel
cpu family	: 6
model		: 85
model name	: Intel Xeon Processor (Skylake, IBRS)
stepping	: 4
microcode	: 0x1
cpu MHz		: 2599.980
cache size	: 16384 KB
physical id	: 4
siblings	: 1
core id		: 0
cpu cores	: 1
apicid		: 4
initial apicid	: 4
fpu		: yes
fpu_exception	: yes
cpuid level	: 13
wp		: yes
flags		: fpu vme de pse tsc msr pae mce cx8 apic sep mtrr pge mca cmov pat pse36 clflush mmx fxsr sse sse2 ss syscall nx pdpe1gb rdtscp lm constant_tsc rep_good nopl xtopology cpuid tsc_known_freq pni pclmulqdq vmx ssse3 fma cx16 pcid sse4_1 sse4_2 x2apic movbe popcnt tsc_deadline_timer aes xsave avx f16c rdrand hypervisor lahf_lm abm 3dnowprefetch cpuid_fault invpcid_single pti ssbd ibrs ibpb stibp tpr_shadow vnmi flexpriority ept vpid ept_ad fsgsbase tsc_adjust bmi1 hle avx2 smep bmi2 erms invpcid rtm mpx avx512f avx512dq rdseed adx smap clflushopt clwb avx512cd avx512bw avx512vl xsaveopt xsavec xgetbv1 xsaves arat umip pku ospke md_clear flush_l1d arch_capabilities
vmx flags	: vnmi preemption_timer posted_intr invvpid ept_x_only ept_ad ept_1gb flexpriority apicv tsc_offset vtpr mtf vapic ept vpid unrestricted_guest vapic_reg vid shadow_vmcs pml tsc_scaling
bugs		: cpu_meltdown spectre_v1 spectre_v2 spec_store_bypass l1tf mds swapgs taa mmio_stale_data retbleed bhi
bogomips	: 5199.96
clflush size	: 64
cache_alignment	: 64
address sizes	: 46 bits physical, 48 bits virtual
power management:

processor	: 5
vendor_id	: GenuineIntel
cpu family	: 6
model		: 85
model name	: Intel Xeon Processor (Skylake, IBRS)
stepping	: 4
microcode	: 0x1
cpu MHz		: 2599.980
cache size	: 16384 KB
physical id	: 5
siblings	: 1
core id		: 0
cpu cores	: 1
apicid		: 5
initial apicid	: 5
fpu		: yes
fpu_exception	: yes
cpuid level	: 13
wp		: yes
flags		: fpu vme de pse tsc msr pae mce cx8 apic sep mtrr pge mca cmov pat pse36 clflush mmx fxsr sse sse2 ss syscall nx pdpe1gb rdtscp lm constant_tsc rep_good nopl xtopology cpuid tsc_known_freq pni pclmulqdq vmx ssse3 fma cx16 pcid sse4_1 sse4_2 x2apic movbe popcnt tsc_deadline_timer aes xsave avx f16c rdrand hypervisor lahf_lm abm 3dnowprefetch cpuid_fault invpcid_single pti ssbd ibrs ibpb stibp tpr_shadow vnmi flexpriority ept vpid ept_ad fsgsbase tsc_adjust bmi1 hle avx2 smep bmi2 erms invpcid rtm mpx avx512f avx512dq rdseed adx smap clflushopt clwb avx512cd avx512bw avx512vl xsaveopt xsavec xgetbv1 xsaves arat umip pku ospke md_clear flush_l1d arch_capabilities
vmx flags	: vnmi preemption_timer posted_intr invvpid ept_x_only ept_ad ept_1gb flexpriority apicv tsc_offset vtpr mtf vapic ept vpid unrestricted_guest vapic_reg vid shadow_vmcs pml tsc_scaling
bugs		: cpu_meltdown spectre_v1 spectre_v2 spec_store_bypass l1tf mds swapgs taa mmio_stale_data retbleed bhi
bogomips	: 5199.96
clflush size	: 64
cache_alignment	: 64
address sizes	: 46 bits physical, 48 bits virtual
power management:

processor	: 6
vendor_id	: GenuineIntel
cpu family	: 6
model		: 85
model name	: Intel Xeon Processor (Skylake, IBRS)
stepping	: 4
microcode	: 0x1
cpu MHz		: 2599.980
cache size	: 16384 KB
physical id	: 6
siblings	: 1
core id		: 0
cpu cores	: 1
apicid		: 6
initial apicid	: 6
fpu		: yes
fpu_exception	: yes
cpuid level	: 13
wp		: yes
flags		: fpu vme de pse tsc msr pae mce cx8 apic sep mtrr pge mca cmov pat pse36 clflush mmx fxsr sse sse2 ss syscall nx pdpe1gb rdtscp lm constant_tsc rep_good nopl xtopology cpuid tsc_known_freq pni pclmulqdq vmx ssse3 fma cx16 pcid sse4_1 sse4_2 x2apic movbe popcnt tsc_deadline_timer aes xsave avx f16c rdrand hypervisor lahf_lm abm 3dnowprefetch cpuid_fault invpcid_single pti ssbd ibrs ibpb stibp tpr_shadow vnmi flexpriority ept vpid ept_ad fsgsbase tsc_adjust bmi1 hle avx2 smep bmi2 erms invpcid rtm mpx avx512f avx512dq rdseed adx smap clflushopt clwb avx512cd avx512bw avx512vl xsaveopt xsavec xgetbv1 xsaves arat umip pku ospke md_clear flush_l1d arch_capabilities
vmx flags	: vnmi preemption_timer posted_intr invvpid ept_x_only ept_ad ept_1gb flexpriority apicv tsc_offset vtpr mtf vapic ept vpid unrestricted_guest vapic_reg vid shadow_vmcs pml tsc_scaling
bugs		: cpu_meltdown spectre_v1 spectre_v2 spec_store_bypass l1tf mds swapgs taa mmio_stale_data retbleed bhi
bogomips	: 5199.96
clflush size	: 64
cache_alignment	: 64
address sizes	: 46 bits physical, 48 bits virtual
power management:

processor	: 7
vendor_id	: GenuineIntel
cpu family	: 6
model		: 85
model name	: Intel Xeon Processor (Skylake, IBRS)
stepping	: 4
microcode	: 0x1
cpu MHz		: 2599.980
cache size	: 16384 KB
physical id	: 7
siblings	: 1
core id		: 0
cpu cores	: 1
apicid		: 7
initial apicid	: 7
fpu		: yes
fpu_exception	: yes
cpuid level	: 13
wp		: yes
flags		: fpu vme de pse tsc msr pae mce cx8 apic sep mtrr pge mca cmov pat pse36 clflush mmx fxsr sse sse2 ss syscall nx pdpe1gb rdtscp lm constant_tsc rep_good nopl xtopology cpuid tsc_known_freq pni pclmulqdq vmx ssse3 fma cx16 pcid sse4_1 sse4_2 x2apic movbe popcnt tsc_deadline_timer aes xsave avx f16c rdrand hypervisor lahf_lm abm 3dnowprefetch cpuid_fault invpcid_single pti ssbd ibrs ibpb stibp tpr_shadow vnmi flexpriority ept vpid ept_ad fsgsbase tsc_adjust bmi1 hle avx2 smep bmi2 erms invpcid rtm mpx avx512f avx512dq rdseed adx smap clflushopt clwb avx512cd avx512bw avx512vl xsaveopt xsavec xgetbv1 xsaves arat umip pku ospke md_clear flush_l1d arch_capabilities
vmx flags	: vnmi preemption_timer posted_intr invvpid ept_x_only ept_ad ept_1gb flexpriority apicv tsc_offset vtpr mtf vapic ept vpid unrestricted_guest vapic_reg vid shadow_vmcs pml tsc_scaling
bugs		: cpu_meltdown spectre_v1 spectre_v2 spec_store_bypass l1tf mds swapgs taa mmio_stale_data retbleed bhi
bogomips	: 5199.96
clflush size	: 64
cache_alignment	: 64
address sizes	: 46 bits physical, 48 bits virtual
power management:

Online cpus:
0-7
Offline cpus:

BIOS frequency limitation:
<Not Available>
Frequency switch latency (ns):
<Not Available>
Available cpu frequencies:
<Not Available>
Current governor:
<Not Available>
Core performance/turbo boost:
<Not Available>

Memory: 4k page, physical 95744380k(10506464k free), swap 8388604k(8339880k free)

vm_info: OpenJDK 64-Bit Server VM (11.0.16.1+1-LTS) for linux-amd64 JRE (Zulu11.58+23-CA) (11.0.16.1+1-LTS), built on Aug 13 2022 21:56:59 by "zulu_re" with gcc 8.3.0

END.
